#
# There is insufficient memory for the Java Runtime Environment to continue.
# Native memory allocation (malloc) failed to allocate 78688 bytes for Chunk::new
# Possible reasons:
#   The system is out of physical RAM or swap space
#   The process is running with CompressedOops enabled, and the Java Heap may be blocking the growth of the native heap
# Possible solutions:
#   Reduce memory load on the system
#   Increase physical memory or swap space
#   Check if swap backing store is full
#   Decrease Java heap size (-Xmx/-Xms)
#   Decrease number of Java threads
#   Decrease Java thread stack sizes (-Xss)
#   Set larger code cache with -XX:ReservedCodeCacheSize=
#   JVM is running with Unscaled Compressed Oops mode in which the Java heap is
#     placed in the first 4GB address space. The Java Heap base address is the
#     maximum limit for the native heap growth. Please use -XX:HeapBaseMinAddress
#     to set the Java Heap base and to place the Java Heap above 4GB virtual address.
# This output file may be truncated or incomplete.
#
#  Out of Memory Error (arena.cpp:184), pid=12656, tid=14540
#
# JRE version: OpenJDK Runtime Environment (18.0.2+9) (build 18.0.2+9-61)
# Java VM: OpenJDK 64-Bit Server VM (18.0.2+9-61, mixed mode, sharing, tiered, compressed oops, compressed class ptrs, g1 gc, windows-amd64)
# No core dump will be written. Minidumps are not enabled by default on client versions of Windows
#

---------------  S U M M A R Y ------------

Command Line: -ea -Didea.test.cyclic.buffer.size=1048576 -javaagent:C:\Program Files\JetBrains\IntelliJ IDEA Community Edition 2022.2\lib\idea_rt.jar=50159:C:\Program Files\JetBrains\IntelliJ IDEA Community Edition 2022.2\bin -Dfile.encoding=UTF-8 com.intellij.rt.testng.RemoteTestNGStarter -usedefaultlisteners false -socket50158 @w@C:\Users\Pomogator\AppData\Local\Temp\idea_working_dirs_testng.tmp -temp C:\Users\Pomogator\AppData\Local\Temp\idea_testng.tmp

Host: Intel(R) Core(TM) i5-10300H CPU @ 2.50GHz, 8 cores, 7G,  Windows 10 , 64 bit Build 19041 (10.0.19041.1889)
Time: Tue Aug 23 12:40:47 2022  Windows 10 , 64 bit Build 19041 (10.0.19041.1889) elapsed time: 3.357027 seconds (0d 0h 0m 3s)

---------------  T H R E A D  ---------------

Current thread (0x0000022eb2873cd0):  JavaThread "C2 CompilerThread0" daemon [_thread_in_native, id=14540, stack(0x000000b447900000,0x000000b447a00000)]


Current CompileTask:
C2:   3357 2385       4       java.util.Arrays::copyOf (40 bytes)

Stack: [0x000000b447900000,0x000000b447a00000]
Native frames: (J=compiled Java code, j=interpreted, Vv=VM code, C=native code)
V  [jvm.dll+0x6993ca]
V  [jvm.dll+0x7f481d]
V  [jvm.dll+0x7f612e]
V  [jvm.dll+0x7f67e3]
V  [jvm.dll+0x25cdaf]
V  [jvm.dll+0xb8c2f]
V  [jvm.dll+0xb8fa5]
V  [jvm.dll+0x3860cb]
V  [jvm.dll+0x34fd01]
V  [jvm.dll+0x34f19a]
V  [jvm.dll+0x22ff51]
V  [jvm.dll+0x22f321]
V  [jvm.dll+0x1ba01c]
V  [jvm.dll+0x23ec9a]
V  [jvm.dll+0x23cf85]
V  [jvm.dll+0x7a6e21]
V  [jvm.dll+0x7a125a]
V  [jvm.dll+0x698275]
C  [ucrtbase.dll+0x21bb2]
C  [KERNEL32.DLL+0x17034]
C  [ntdll.dll+0x52651]


---------------  P R O C E S S  ---------------

Threads class SMR info:
_java_thread_list=0x0000022eb841f9f0, length=24, elements={
0x0000022e9478e980, 0x0000022eb284d7f0, 0x0000022eb284f210, 0x0000022eb2869340,
0x0000022eb2869bf0, 0x0000022eb286ac40, 0x0000022eb286cca0, 0x0000022eb2873cd0,
0x0000022eb28765d0, 0x0000022eb2877660, 0x0000022eb6c72ae0, 0x0000022eb6d0d1a0,
0x0000022eb6d122c0, 0x0000022eb81568b0, 0x0000022eb7f51970, 0x0000022eb7df6e80,
0x0000022eb8077070, 0x0000022eb7db9170, 0x0000022eb7fd1fb0, 0x0000022eb7e893c0,
0x0000022eb7e8ba40, 0x0000022eb7e8a230, 0x0000022eb7e8abd0, 0x0000022eb7e8bf10
}

Java Threads: ( => current thread )
  0x0000022e9478e980 JavaThread "main" [_thread_blocked, id=9512, stack(0x000000b446c00000,0x000000b446d00000)]
  0x0000022eb284d7f0 JavaThread "Reference Handler" daemon [_thread_blocked, id=21268, stack(0x000000b447300000,0x000000b447400000)]
  0x0000022eb284f210 JavaThread "Finalizer" daemon [_thread_blocked, id=9184, stack(0x000000b447400000,0x000000b447500000)]
  0x0000022eb2869340 JavaThread "Signal Dispatcher" daemon [_thread_blocked, id=76, stack(0x000000b447500000,0x000000b447600000)]
  0x0000022eb2869bf0 JavaThread "Attach Listener" daemon [_thread_blocked, id=7544, stack(0x000000b447600000,0x000000b447700000)]
  0x0000022eb286ac40 JavaThread "Service Thread" daemon [_thread_blocked, id=1316, stack(0x000000b447700000,0x000000b447800000)]
  0x0000022eb286cca0 JavaThread "Monitor Deflation Thread" daemon [_thread_blocked, id=20412, stack(0x000000b447800000,0x000000b447900000)]
=>0x0000022eb2873cd0 JavaThread "C2 CompilerThread0" daemon [_thread_in_native, id=14540, stack(0x000000b447900000,0x000000b447a00000)]
  0x0000022eb28765d0 JavaThread "C1 CompilerThread0" daemon [_thread_blocked, id=17976, stack(0x000000b447a00000,0x000000b447b00000)]
  0x0000022eb2877660 JavaThread "Sweeper thread" daemon [_thread_blocked, id=14796, stack(0x000000b447b00000,0x000000b447c00000)]
  0x0000022eb6c72ae0 JavaThread "Common-Cleaner" daemon [_thread_blocked, id=21356, stack(0x000000b447c00000,0x000000b447d00000)]
  0x0000022eb6d0d1a0 JavaThread "Monitor Ctrl-Break" daemon [_thread_in_native, id=20020, stack(0x000000b447d00000,0x000000b447e00000)]
  0x0000022eb6d122c0 JavaThread "Notification Thread" daemon [_thread_blocked, id=21448, stack(0x000000b447e00000,0x000000b447f00000)]
  0x0000022eb81568b0 JavaThread "ForkJoinPool.commonPool-worker-1" daemon [_thread_blocked, id=12860, stack(0x000000b448d00000,0x000000b448e00000)]
  0x0000022eb7f51970 JavaThread "AsyncHttpClient-1-1" daemon [_thread_blocked, id=2096, stack(0x000000b448e00000,0x000000b448f00000)]
  0x0000022eb7df6e80 JavaThread "Exec Default Executor" daemon [_thread_in_native, id=6308, stack(0x000000b448f00000,0x000000b449000000)]
  0x0000022eb8077070 JavaThread "Driver Service Executor" daemon [_thread_blocked, id=11736, stack(0x000000b449000000,0x000000b449100000)]
  0x0000022eb7db9170 JavaThread "Driver Service Executor" daemon [_thread_blocked, id=5784, stack(0x000000b449100000,0x000000b449200000)]
  0x0000022eb7fd1fb0 JavaThread "UrlChecker-2" daemon [_thread_blocked, id=7008, stack(0x000000b449200000,0x000000b449300000)]
  0x0000022eb7e893c0 JavaThread "Exec Stream Pumper" daemon [_thread_in_native, id=9828, stack(0x000000b449400000,0x000000b449500000)]
  0x0000022eb7e8ba40 JavaThread "Exec Stream Pumper" daemon [_thread_in_native, id=5780, stack(0x000000b449500000,0x000000b449600000)]
  0x0000022eb7e8a230 JavaThread "Keep-Alive-Timer" daemon [_thread_blocked, id=4284, stack(0x000000b448000000,0x000000b448100000)]
  0x0000022eb7e8abd0 JavaThread "AsyncHttpClient-1-2" daemon [_thread_in_native, id=12388, stack(0x000000b448800000,0x000000b448900000)]
  0x0000022eb7e8bf10 JavaThread "AsyncHttpClient-1-3" daemon [_thread_in_Java, id=13800, stack(0x000000b449700000,0x000000b449800000)]

Other Threads:
  0x0000022eb2849130 VMThread "VM Thread" [stack: 0x000000b447200000,0x000000b447300000] [id=14508]
  0x0000022eb6d0d660 WatcherThread "VM Periodic Task Thread" [stack: 0x000000b447f00000,0x000000b448000000] [id=20644]
  0x0000022e947f0a20 WorkerThread "GC Thread#0" [stack: 0x000000b446d00000,0x000000b446e00000] [id=576]
  0x0000022eb7dbfd10 WorkerThread "GC Thread#1" [stack: 0x000000b448100000,0x000000b448200000] [id=21028]
  0x0000022eb7c7cb90 WorkerThread "GC Thread#2" [stack: 0x000000b448200000,0x000000b448300000] [id=8800]
  0x0000022eb742fbb0 WorkerThread "GC Thread#3" [stack: 0x000000b448300000,0x000000b448400000] [id=16056]
  0x0000022eb7da5cb0 WorkerThread "GC Thread#4" [stack: 0x000000b448400000,0x000000b448500000] [id=11692]
  0x0000022eb7d7b910 WorkerThread "GC Thread#5" [stack: 0x000000b448500000,0x000000b448600000] [id=15212]
  0x0000022eb7425710 WorkerThread "GC Thread#6" [stack: 0x000000b448600000,0x000000b448700000] [id=9412]
  0x0000022eb7425e30 WorkerThread "GC Thread#7" [stack: 0x000000b448700000,0x000000b448800000] [id=15136]
  0x0000022e94803380 ConcurrentGCThread "G1 Main Marker" [stack: 0x000000b446e00000,0x000000b446f00000] [id=7420]
  0x0000022e94804420 WorkerThread "G1 Conc#0" [stack: 0x000000b446f00000,0x000000b447000000] [id=12756]
  0x0000022eb7df7340 WorkerThread "G1 Conc#1" [stack: 0x000000b449600000,0x000000b449700000] [id=11604]
  0x0000022eb27060b0 ConcurrentGCThread "G1 Refine#0" [stack: 0x000000b447000000,0x000000b447100000] [id=21280]
  0x0000022eb7e91a50 ConcurrentGCThread "G1 Refine#1" [stack: 0x000000b448900000,0x000000b448a00000] [id=9944]
  0x0000022eb7e01d10 ConcurrentGCThread "G1 Refine#2" [stack: 0x000000b448a00000,0x000000b448b00000] [id=8976]
  0x0000022eb8019630 ConcurrentGCThread "G1 Refine#3" [stack: 0x000000b448b00000,0x000000b448c00000] [id=20636]
  0x0000022eb801e0c0 ConcurrentGCThread "G1 Refine#4" [stack: 0x000000b448c00000,0x000000b448d00000] [id=4560]
  0x0000022eb27068d0 ConcurrentGCThread "G1 Service" [stack: 0x000000b447100000,0x000000b447200000] [id=19956]

Threads with active compile tasks:
C2 CompilerThread0     3381 2385       4       java.util.Arrays::copyOf (40 bytes)

VM state: not at safepoint (normal execution)

VM Mutex/Monitor currently owned by a thread: None

Heap address: 0x0000000082800000, size: 2008 MB, Compressed Oops mode: 32-bit

CDS archive(s) mapped at: [0x0000000800000000-0x0000000800ba0000-0x0000000800ba0000), size 12189696, SharedBaseAddress: 0x0000000800000000, ArchiveRelocationMode: 0.
Compressed class space mapped at: 0x0000000800c00000-0x0000000840c00000, reserved size: 1073741824
Narrow klass base: 0x0000000800000000, Narrow klass shift: 0, Narrow klass range: 0x100000000

GC Precious Log:
 CardTable entry size: 512
 Card Set container configuration: InlinePtr #cards 5 size 8 Array Of Cards #cards 12 size 40 Howl #buckets 4 coarsen threshold 1843 Howl Bitmap #cards 512 size 80 coarsen threshold 460 Card regions per heap region 1 cards per card region 2048
 CPUs: 8 total, 8 available
 Memory: 8029M
 Large Page Support: Disabled
 NUMA Support: Disabled
 Compressed Oops: Enabled (32-bit)
 Heap Region Size: 1M
 Heap Min Capacity: 8M
 Heap Initial Capacity: 126M
 Heap Max Capacity: 2008M
 Pre-touch: Disabled
 Parallel Workers: 8
 Concurrent Workers: 2
 Concurrent Refinement Workers: 8
 Periodic GC: Disabled

Heap:
 garbage-first heap   total 78848K, used 25798K [0x0000000082800000, 0x0000000100000000)
  region size 1024K, 8 young (8192K), 3 survivors (3072K)
 Metaspace       used 22378K, committed 22656K, reserved 1114112K
  class space    used 2712K, committed 2816K, reserved 1048576K

Heap Regions: E=young(eden), S=young(survivor), O=old, HS=humongous(starts), HC=humongous(continues), CS=collection set, F=free, OA=open archive, CA=closed archive, TAMS=top-at-mark-start (previous, next)
|   0|0x0000000082800000, 0x0000000082900000, 0x0000000082900000|100%| O|  |TAMS 0x0000000082900000, 0x0000000082800000| Untracked 
|   1|0x0000000082900000, 0x0000000082a00000, 0x0000000082a00000|100%| O|  |TAMS 0x0000000082a00000, 0x0000000082900000| Untracked 
|   2|0x0000000082a00000, 0x0000000082b00000, 0x0000000082b00000|100%| O|  |TAMS 0x0000000082b00000, 0x0000000082a00000| Untracked 
|   3|0x0000000082b00000, 0x0000000082c00000, 0x0000000082c00000|100%| O|  |TAMS 0x0000000082c00000, 0x0000000082b00000| Untracked 
|   4|0x0000000082c00000, 0x0000000082d00000, 0x0000000082d00000|100%| O|  |TAMS 0x0000000082d00000, 0x0000000082c00000| Untracked 
|   5|0x0000000082d00000, 0x0000000082e00000, 0x0000000082e00000|100%| O|  |TAMS 0x0000000082e00000, 0x0000000082d00000| Untracked 
|   6|0x0000000082e00000, 0x0000000082f00000, 0x0000000082f00000|100%| O|  |TAMS 0x0000000082f00000, 0x0000000082e00000| Untracked 
|   7|0x0000000082f00000, 0x0000000083000000, 0x0000000083000000|100%| O|  |TAMS 0x0000000083000000, 0x0000000082f00000| Untracked 
|   8|0x0000000083000000, 0x0000000083100000, 0x0000000083100000|100%| O|  |TAMS 0x00000000830f5200, 0x0000000083000000| Untracked 
|   9|0x0000000083100000, 0x0000000083200000, 0x0000000083200000|100%| O|  |TAMS 0x0000000083100000, 0x0000000083100000| Untracked 
|  10|0x0000000083200000, 0x0000000083300000, 0x0000000083300000|100%| O|  |TAMS 0x0000000083200000, 0x0000000083200000| Untracked 
|  11|0x0000000083300000, 0x0000000083400000, 0x0000000083400000|100%| O|  |TAMS 0x0000000083300000, 0x0000000083300000| Untracked 
|  12|0x0000000083400000, 0x0000000083500000, 0x0000000083500000|100%| O|  |TAMS 0x0000000083400000, 0x0000000083400000| Untracked 
|  13|0x0000000083500000, 0x0000000083544800, 0x0000000083600000| 26%| O|  |TAMS 0x0000000083500000, 0x0000000083500000| Untracked 
|  14|0x0000000083600000, 0x0000000083700000, 0x0000000083700000|100%|HS|  |TAMS 0x0000000083600000, 0x0000000083600000| Complete 
|  15|0x0000000083700000, 0x0000000083800000, 0x0000000083800000|100%|HC|  |TAMS 0x0000000083700000, 0x0000000083700000| Complete 
|  16|0x0000000083800000, 0x0000000083900000, 0x0000000083900000|100%|HC|  |TAMS 0x0000000083800000, 0x0000000083800000| Complete 
|  17|0x0000000083900000, 0x0000000083a00000, 0x0000000083a00000|100%|HC|  |TAMS 0x0000000083900000, 0x0000000083900000| Complete 
|  18|0x0000000083a00000, 0x0000000083b00000, 0x0000000083b00000|100%|HC|  |TAMS 0x0000000083a00000, 0x0000000083a00000| Complete 
|  19|0x0000000083b00000, 0x0000000083b00000, 0x0000000083c00000|  0%| F|  |TAMS 0x0000000083b00000, 0x0000000083b00000| Untracked 
|  20|0x0000000083c00000, 0x0000000083c00000, 0x0000000083d00000|  0%| F|  |TAMS 0x0000000083c00000, 0x0000000083c00000| Untracked 
|  21|0x0000000083d00000, 0x0000000083d00000, 0x0000000083e00000|  0%| F|  |TAMS 0x0000000083d00000, 0x0000000083d00000| Untracked 
|  22|0x0000000083e00000, 0x0000000083e00000, 0x0000000083f00000|  0%| F|  |TAMS 0x0000000083e00000, 0x0000000083e00000| Untracked 
|  23|0x0000000083f00000, 0x0000000083f00000, 0x0000000084000000|  0%| F|  |TAMS 0x0000000083f00000, 0x0000000083f00000| Untracked 
|  24|0x0000000084000000, 0x0000000084000000, 0x0000000084100000|  0%| F|  |TAMS 0x0000000084000000, 0x0000000084000000| Untracked 
|  25|0x0000000084100000, 0x0000000084100000, 0x0000000084200000|  0%| F|  |TAMS 0x0000000084100000, 0x0000000084100000| Untracked 
|  26|0x0000000084200000, 0x0000000084200000, 0x0000000084300000|  0%| F|  |TAMS 0x0000000084200000, 0x0000000084200000| Untracked 
|  27|0x0000000084300000, 0x0000000084300000, 0x0000000084400000|  0%| F|  |TAMS 0x0000000084300000, 0x0000000084300000| Untracked 
|  28|0x0000000084400000, 0x0000000084400000, 0x0000000084500000|  0%| F|  |TAMS 0x0000000084400000, 0x0000000084400000| Untracked 
|  29|0x0000000084500000, 0x0000000084500000, 0x0000000084600000|  0%| F|  |TAMS 0x0000000084500000, 0x0000000084500000| Untracked 
|  30|0x0000000084600000, 0x0000000084600000, 0x0000000084700000|  0%| F|  |TAMS 0x0000000084600000, 0x0000000084600000| Untracked 
|  31|0x0000000084700000, 0x0000000084700000, 0x0000000084800000|  0%| F|  |TAMS 0x0000000084700000, 0x0000000084700000| Untracked 
|  32|0x0000000084800000, 0x0000000084800000, 0x0000000084900000|  0%| F|  |TAMS 0x0000000084800000, 0x0000000084800000| Untracked 
|  33|0x0000000084900000, 0x0000000084900000, 0x0000000084a00000|  0%| F|  |TAMS 0x0000000084900000, 0x0000000084900000| Untracked 
|  34|0x0000000084a00000, 0x0000000084a00000, 0x0000000084b00000|  0%| F|  |TAMS 0x0000000084a00000, 0x0000000084a00000| Untracked 
|  35|0x0000000084b00000, 0x0000000084b00000, 0x0000000084c00000|  0%| F|  |TAMS 0x0000000084b00000, 0x0000000084b00000| Untracked 
|  36|0x0000000084c00000, 0x0000000084c00000, 0x0000000084d00000|  0%| F|  |TAMS 0x0000000084c00000, 0x0000000084c00000| Untracked 
|  37|0x0000000084d00000, 0x0000000084d00000, 0x0000000084e00000|  0%| F|  |TAMS 0x0000000084d00000, 0x0000000084d00000| Untracked 
|  38|0x0000000084e00000, 0x0000000084e00000, 0x0000000084f00000|  0%| F|  |TAMS 0x0000000084e00000, 0x0000000084e00000| Untracked 
|  39|0x0000000084f00000, 0x0000000084f00000, 0x0000000085000000|  0%| F|  |TAMS 0x0000000084f00000, 0x0000000084f00000| Untracked 
|  40|0x0000000085000000, 0x0000000085000000, 0x0000000085100000|  0%| F|  |TAMS 0x0000000085000000, 0x0000000085000000| Untracked 
|  41|0x0000000085100000, 0x0000000085100000, 0x0000000085200000|  0%| F|  |TAMS 0x0000000085100000, 0x0000000085100000| Untracked 
|  42|0x0000000085200000, 0x0000000085200000, 0x0000000085300000|  0%| F|  |TAMS 0x0000000085200000, 0x0000000085200000| Untracked 
|  43|0x0000000085300000, 0x0000000085300000, 0x0000000085400000|  0%| F|  |TAMS 0x0000000085300000, 0x0000000085300000| Untracked 
|  44|0x0000000085400000, 0x0000000085400000, 0x0000000085500000|  0%| F|  |TAMS 0x0000000085400000, 0x0000000085400000| Untracked 
|  45|0x0000000085500000, 0x0000000085500000, 0x0000000085600000|  0%| F|  |TAMS 0x0000000085500000, 0x0000000085500000| Untracked 
|  46|0x0000000085600000, 0x0000000085600000, 0x0000000085700000|  0%| F|  |TAMS 0x0000000085600000, 0x0000000085600000| Untracked 
|  47|0x0000000085700000, 0x0000000085700000, 0x0000000085800000|  0%| F|  |TAMS 0x0000000085700000, 0x0000000085700000| Untracked 
|  48|0x0000000085800000, 0x0000000085800000, 0x0000000085900000|  0%| F|  |TAMS 0x0000000085800000, 0x0000000085800000| Untracked 
|  49|0x0000000085900000, 0x0000000085900000, 0x0000000085a00000|  0%| F|  |TAMS 0x0000000085900000, 0x0000000085900000| Untracked 
|  50|0x0000000085a00000, 0x0000000085a00000, 0x0000000085b00000|  0%| F|  |TAMS 0x0000000085a00000, 0x0000000085a00000| Untracked 
|  51|0x0000000085b00000, 0x0000000085b00000, 0x0000000085c00000|  0%| F|  |TAMS 0x0000000085b00000, 0x0000000085b00000| Untracked 
|  52|0x0000000085c00000, 0x0000000085c00000, 0x0000000085d00000|  0%| F|  |TAMS 0x0000000085c00000, 0x0000000085c00000| Untracked 
|  53|0x0000000085d00000, 0x0000000085d00000, 0x0000000085e00000|  0%| F|  |TAMS 0x0000000085d00000, 0x0000000085d00000| Untracked 
|  54|0x0000000085e00000, 0x0000000085e00000, 0x0000000085f00000|  0%| F|  |TAMS 0x0000000085e00000, 0x0000000085e00000| Untracked 
|  55|0x0000000085f00000, 0x0000000085f00000, 0x0000000086000000|  0%| F|  |TAMS 0x0000000085f00000, 0x0000000085f00000| Untracked 
|  56|0x0000000086000000, 0x0000000086000000, 0x0000000086100000|  0%| F|  |TAMS 0x0000000086000000, 0x0000000086000000| Untracked 
|  57|0x0000000086100000, 0x0000000086100000, 0x0000000086200000|  0%| F|  |TAMS 0x0000000086100000, 0x0000000086100000| Untracked 
|  58|0x0000000086200000, 0x0000000086200000, 0x0000000086300000|  0%| F|  |TAMS 0x0000000086200000, 0x0000000086200000| Untracked 
|  59|0x0000000086300000, 0x0000000086300000, 0x0000000086400000|  0%| F|  |TAMS 0x0000000086300000, 0x0000000086300000| Untracked 
|  60|0x0000000086400000, 0x0000000086400000, 0x0000000086500000|  0%| F|  |TAMS 0x0000000086400000, 0x0000000086400000| Untracked 
|  61|0x0000000086500000, 0x0000000086500000, 0x0000000086600000|  0%| F|  |TAMS 0x0000000086500000, 0x0000000086500000| Untracked 
|  62|0x0000000086600000, 0x0000000086600000, 0x0000000086700000|  0%| F|  |TAMS 0x0000000086600000, 0x0000000086600000| Untracked 
|  63|0x0000000086700000, 0x0000000086700000, 0x0000000086800000|  0%| F|  |TAMS 0x0000000086700000, 0x0000000086700000| Untracked 
|  64|0x0000000086800000, 0x0000000086800000, 0x0000000086900000|  0%| F|  |TAMS 0x0000000086800000, 0x0000000086800000| Untracked 
|  65|0x0000000086900000, 0x0000000086900000, 0x0000000086a00000|  0%| F|  |TAMS 0x0000000086900000, 0x0000000086900000| Untracked 
|  66|0x0000000086a00000, 0x0000000086a00000, 0x0000000086b00000|  0%| F|  |TAMS 0x0000000086a00000, 0x0000000086a00000| Untracked 
|  67|0x0000000086b00000, 0x0000000086b00000, 0x0000000086c00000|  0%| F|  |TAMS 0x0000000086b00000, 0x0000000086b00000| Untracked 
|  68|0x0000000086c00000, 0x0000000086c00000, 0x0000000086d00000|  0%| F|  |TAMS 0x0000000086c00000, 0x0000000086c00000| Untracked 
|  69|0x0000000086d00000, 0x0000000086dc8360, 0x0000000086e00000| 78%| E|  |TAMS 0x0000000086d00000, 0x0000000086d00000| Complete 
|  70|0x0000000086e00000, 0x0000000086f00000, 0x0000000086f00000|100%| E|CS|TAMS 0x0000000086e00000, 0x0000000086e00000| Complete 
|  71|0x0000000086f00000, 0x0000000087000000, 0x0000000087000000|100%| E|CS|TAMS 0x0000000086f00000, 0x0000000086f00000| Complete 
|  72|0x0000000087000000, 0x0000000087100000, 0x0000000087100000|100%| E|CS|TAMS 0x0000000087000000, 0x0000000087000000| Complete 
|  89|0x0000000088100000, 0x00000000881ed040, 0x0000000088200000| 92%| S|CS|TAMS 0x0000000088100000, 0x0000000088100000| Complete 
|  90|0x0000000088200000, 0x0000000088300000, 0x0000000088300000|100%| S|CS|TAMS 0x0000000088200000, 0x0000000088200000| Complete 
|  95|0x0000000088700000, 0x0000000088800000, 0x0000000088800000|100%| S|CS|TAMS 0x0000000088700000, 0x0000000088700000| Complete 
| 125|0x000000008a500000, 0x000000008a600000, 0x000000008a600000|100%| E|CS|TAMS 0x000000008a500000, 0x000000008a500000| Complete 

Card table byte_map: [0x0000022eab7e0000,0x0000022eabbd0000] _byte_map_base: 0x0000022eab3cc000

Marking Bits (Prev, Next): (CMBitMap*) 0x0000022e947f1f80, (CMBitMap*) 0x0000022e947f1f40
 Prev Bits: [0x0000022eadf20000, 0x0000022eafe80000)
 Next Bits: [0x0000022eabfc0000, 0x0000022eadf20000)

Polling page: 0x0000022e93f50000

Metaspace:

Usage:
  Non-class:     19.25 MB used.
      Class:      2.65 MB used.
       Both:     21.90 MB used.

Virtual space:
  Non-class space:       64.00 MB reserved,      19.44 MB ( 30%) committed,  1 nodes.
      Class space:        1.00 GB reserved,       2.75 MB ( <1%) committed,  1 nodes.
             Both:        1.06 GB reserved,      22.19 MB (  2%) committed. 

Chunk freelists:
   Non-Class:  144.00 KB
       Class:  1.25 MB
        Both:  1.39 MB

MaxMetaspaceSize: unlimited
CompressedClassSpaceSize: 1.00 GB
Initial GC threshold: 21.00 MB
Current GC threshold: 35.12 MB
CDS: on
MetaspaceReclaimPolicy: balanced
 - commit_granule_bytes: 65536.
 - commit_granule_words: 8192.
 - virtual_space_node_default_size: 8388608.
 - enlarge_chunks_in_place: 1.
 - new_chunks_are_fully_committed: 0.
 - uncommit_free_chunks: 1.
 - use_allocation_guard: 0.


Internal statistics:

num_allocs_failed_limit: 3.
num_arena_births: 328.
num_arena_deaths: 2.
num_vsnodes_births: 2.
num_vsnodes_deaths: 0.
num_space_committed: 355.
num_space_uncommitted: 0.
num_chunks_returned_to_freelist: 5.
num_chunks_taken_from_freelist: 888.
num_chunk_merges: 3.
num_chunk_splits: 613.
num_chunks_enlarged: 476.
num_inconsistent_stats: 0.

CodeHeap 'non-profiled nmethods': size=120000Kb used=985Kb max_used=985Kb free=119014Kb
 bounds [0x0000022ea3b90000, 0x0000022ea3e00000, 0x0000022eab0c0000]
CodeHeap 'profiled nmethods': size=120000Kb used=4748Kb max_used=4748Kb free=115252Kb
 bounds [0x0000022e9c660000, 0x0000022e9cb10000, 0x0000022ea3b90000]
CodeHeap 'non-nmethods': size=5760Kb used=1291Kb max_used=1305Kb free=4468Kb
 bounds [0x0000022e9c0c0000, 0x0000022e9c330000, 0x0000022e9c660000]
 total_blobs=3014 nmethods=2416 adapters=510
 compilation: enabled
              stopped_count=0, restarted_count=0
 full_count=0

Compilation events (20 events):
Event: 3.351 Thread 0x0000022eb28765d0 nmethod 2376 0x0000022e9caedf90 code [0x0000022e9caee120, 0x0000022e9caee298]
Event: 3.351 Thread 0x0000022eb28765d0 2377       1       com.google.common.base.CharMatcher$None::matches (2 bytes)
Event: 3.352 Thread 0x0000022eb28765d0 nmethod 2377 0x0000022ea3c85110 code [0x0000022ea3c852a0, 0x0000022ea3c85378]
Event: 3.352 Thread 0x0000022eb28765d0 2378       3       com.google.common.base.Preconditions::checkState (13 bytes)
Event: 3.352 Thread 0x0000022eb2873cd0 2379       4       java.util.AbstractCollection::<init> (5 bytes)
Event: 3.352 Thread 0x0000022eb28765d0 nmethod 2378 0x0000022e9caee310 code [0x0000022e9caee4c0, 0x0000022e9caee6a8]
Event: 3.352 Thread 0x0000022eb28765d0 2380       3       com.google.common.base.AbstractIterator::hasNext (65 bytes)
Event: 3.352 Thread 0x0000022eb2873cd0 nmethod 2379 0x0000022ea3c85410 code [0x0000022ea3c85580, 0x0000022ea3c855f8]
Event: 3.352 Thread 0x0000022eb28765d0 nmethod 2380 0x0000022e9caee790 code [0x0000022e9caee980, 0x0000022e9caeed98]
Event: 3.352 Thread 0x0000022eb28765d0 2381       3       com.google.common.base.Preconditions::checkPositionIndex (8 bytes)
Event: 3.352 Thread 0x0000022eb28765d0 nmethod 2381 0x0000022e9caeef10 code [0x0000022e9caef0a0, 0x0000022e9caef1c8]
Event: 3.352 Thread 0x0000022eb28765d0 2382       3       com.google.common.base.CharMatcher::indexIn (48 bytes)
Event: 3.353 Thread 0x0000022eb2873cd0 2385       4       java.util.Arrays::copyOf (40 bytes)
Event: 3.353 Thread 0x0000022eb28765d0 nmethod 2382 0x0000022e9caef290 code [0x0000022e9caef480, 0x0000022e9caef9b8]
Event: 3.353 Thread 0x0000022eb28765d0 2383       3       com.google.common.base.Splitter$1$1::separatorStart (16 bytes)
Event: 3.354 Thread 0x0000022eb28765d0 nmethod 2383 0x0000022e9caefb90 code [0x0000022e9caefd40, 0x0000022e9caeff28]
Event: 3.354 Thread 0x0000022eb28765d0 2386       3       com.google.common.base.AbstractIterator::tryToComputeNext (36 bytes)
Event: 3.354 Thread 0x0000022eb28765d0 nmethod 2386 0x0000022e9caf0010 code [0x0000022e9caf01e0, 0x0000022e9caf0648]
Event: 3.354 Thread 0x0000022eb28765d0 2384       3       com.google.common.base.Splitter$SplittingIterator::computeNext (5 bytes)
Event: 3.354 Thread 0x0000022eb28765d0 nmethod 2384 0x0000022e9caf0790 code [0x0000022e9caf0920, 0x0000022e9caf0ae8]

GC Heap History (6 events):
Event: 0.940 GC heap before
{Heap before GC invocations=0 (full 0):
 garbage-first heap   total 129024K, used 22528K [0x0000000082800000, 0x0000000100000000)
  region size 1024K, 23 young (23552K), 0 survivors (0K)
 Metaspace       used 7410K, committed 7680K, reserved 1114112K
  class space    used 826K, committed 960K, reserved 1048576K
}
Event: 0.947 GC heap after
{Heap after GC invocations=1 (full 0):
 garbage-first heap   total 129024K, used 5935K [0x0000000082800000, 0x0000000100000000)
  region size 1024K, 3 young (3072K), 3 survivors (3072K)
 Metaspace       used 7410K, committed 7680K, reserved 1114112K
  class space    used 826K, committed 960K, reserved 1048576K
}
Event: 1.362 GC heap before
{Heap before GC invocations=1 (full 0):
 garbage-first heap   total 129024K, used 34607K [0x0000000082800000, 0x0000000100000000)
  region size 1024K, 31 young (31744K), 3 survivors (3072K)
 Metaspace       used 10832K, committed 11136K, reserved 1114112K
  class space    used 1166K, committed 1280K, reserved 1048576K
}
Event: 1.375 GC heap after
{Heap after GC invocations=2 (full 0):
 garbage-first heap   total 129024K, used 13268K [0x0000000082800000, 0x0000000100000000)
  region size 1024K, 4 young (4096K), 4 survivors (4096K)
 Metaspace       used 10832K, committed 11136K, reserved 1114112K
  class space    used 1166K, committed 1280K, reserved 1048576K
}
Event: 2.519 GC heap before
{Heap before GC invocations=2 (full 0):
 garbage-first heap   total 129024K, used 42964K [0x0000000082800000, 0x0000000100000000)
  region size 1024K, 34 young (34816K), 4 survivors (4096K)
 Metaspace       used 21215K, committed 21504K, reserved 1114112K
  class space    used 2530K, committed 2688K, reserved 1048576K
}
Event: 2.528 GC heap after
{Heap after GC invocations=3 (full 0):
 garbage-first heap   total 129024K, used 16582K [0x0000000082800000, 0x0000000100000000)
  region size 1024K, 3 young (3072K), 3 survivors (3072K)
 Metaspace       used 21215K, committed 21504K, reserved 1114112K
  class space    used 2530K, committed 2688K, reserved 1048576K
}

Deoptimization events (20 events):
Event: 1.667 Thread 0x0000022e9478e980 DEOPT PACKING pc=0x0000022ea3c5fb74 sp=0x000000b446cfc840
Event: 1.667 Thread 0x0000022e9478e980 DEOPT UNPACKING pc=0x0000022e9c1123a3 sp=0x000000b446cfc808 mode 2
Event: 1.763 Thread 0x0000022e9478e980 DEOPT PACKING pc=0x0000022e9c99e353 sp=0x000000b446cfc690
Event: 1.763 Thread 0x0000022e9478e980 DEOPT UNPACKING pc=0x0000022e9c112b43 sp=0x000000b446cfbba0 mode 0
Event: 1.808 Thread 0x0000022e9478e980 Uncommon trap: trap_request=0xffffff45 fr.pc=0x0000022ea3c59008 relative=0x0000000000000668
Event: 1.808 Thread 0x0000022e9478e980 Uncommon trap: reason=unstable_if action=reinterpret pc=0x0000022ea3c59008 method=java.lang.String.replace(CC)Ljava/lang/String; @ 2 c2
Event: 1.808 Thread 0x0000022e9478e980 DEOPT PACKING pc=0x0000022ea3c59008 sp=0x000000b446cfdb60
Event: 1.808 Thread 0x0000022e9478e980 DEOPT UNPACKING pc=0x0000022e9c1123a3 sp=0x000000b446cfdb10 mode 2
Event: 1.810 Thread 0x0000022eb7df6e80 Uncommon trap: trap_request=0xffffff45 fr.pc=0x0000022ea3bd1b94 relative=0x0000000000000474
Event: 1.810 Thread 0x0000022eb7df6e80 Uncommon trap: reason=unstable_if action=reinterpret pc=0x0000022ea3bd1b94 method=java.lang.AbstractStringBuilder.inflateIfNeededFor(Ljava/lang/String;)V @ 14 c2
Event: 1.810 Thread 0x0000022eb7df6e80 DEOPT PACKING pc=0x0000022ea3bd1b94 sp=0x000000b448fff070
Event: 1.810 Thread 0x0000022eb7df6e80 DEOPT UNPACKING pc=0x0000022e9c1123a3 sp=0x000000b448ffef10 mode 2
Event: 2.255 Thread 0x0000022e9478e980 Uncommon trap: trap_request=0xffffff45 fr.pc=0x0000022ea3becf88 relative=0x0000000000000a48
Event: 2.255 Thread 0x0000022e9478e980 Uncommon trap: reason=unstable_if action=reinterpret pc=0x0000022ea3becf88 method=jdk.internal.org.objectweb.asm.Frame.execute(IILjdk/internal/org/objectweb/asm/Symbol;Ljdk/internal/org/objectweb/asm/SymbolTable;)V @ 1 c2
Event: 2.255 Thread 0x0000022e9478e980 DEOPT PACKING pc=0x0000022ea3becf88 sp=0x000000b446cfc210
Event: 2.255 Thread 0x0000022e9478e980 DEOPT UNPACKING pc=0x0000022e9c1123a3 sp=0x000000b446cfc178 mode 2
Event: 2.510 Thread 0x0000022eb7e8abd0 Uncommon trap: trap_request=0xffffffcc fr.pc=0x0000022ea3c81888 relative=0x0000000000000368
Event: 2.510 Thread 0x0000022eb7e8abd0 Uncommon trap: reason=intrinsic_or_type_checked_inlining action=make_not_entrant pc=0x0000022ea3c81888 method=java.util.Arrays.copyOf([Ljava/lang/Object;ILjava/lang/Class;)[Ljava/lang/Object; @ 35 c2
Event: 2.510 Thread 0x0000022eb7e8abd0 DEOPT PACKING pc=0x0000022ea3c81888 sp=0x000000b4488fda90
Event: 2.510 Thread 0x0000022eb7e8abd0 DEOPT UNPACKING pc=0x0000022e9c1123a3 sp=0x000000b4488fda20 mode 2

Classes loaded (20 events):
Event: 3.341 Loading class java/lang/StackStreamFactory$StackFrameTraverser$StackFrameBuffer
Event: 3.341 Loading class java/lang/StackStreamFactory$FrameBuffer
Event: 3.341 Loading class java/lang/StackStreamFactory$FrameBuffer done
Event: 3.341 Loading class java/lang/StackStreamFactory$StackFrameTraverser$StackFrameBuffer done
Event: 3.342 Loading class java/util/logging/Level$RbAccess
Event: 3.342 Loading class java/util/logging/Level$RbAccess done
Event: 3.343 Loading class sun/util/logging/resources/logging
Event: 3.343 Loading class sun/util/logging/resources/logging done
Event: 3.343 Loading class sun/util/logging/resources/logging_uk
Event: 3.343 Loading class sun/util/logging/resources/logging_uk done
Event: 3.343 Loading class sun/util/logging/resources/logging_uk
Event: 3.343 Loading class sun/util/logging/resources/logging_uk done
Event: 3.343 Loading class sun/util/logging/resources/logging_uk_UA
Event: 3.343 Loading class sun/util/logging/resources/logging_uk_UA done
Event: 3.343 Loading class sun/util/logging/resources/logging_uk_UA
Event: 3.343 Loading class sun/util/logging/resources/logging_uk_UA done
Event: 3.343 Loading class java/util/Formatter$DateTime
Event: 3.344 Loading class java/util/Formatter$DateTime done
Event: 3.344 Loading class java/time/ZonedDateTime$1
Event: 3.344 Loading class java/time/ZonedDateTime$1 done

Classes unloaded (1 events):
Event: 2.539 Thread 0x0000022eb2849130 Unloading class 0x0000000800c04400 'java/lang/invoke/LambdaForm$DMH+0x0000000800c04400'

Classes redefined (0 events):
No events

Internal exceptions (20 events):
Event: 1.820 Thread 0x0000022eb7fd1fb0 Exception <a 'java/net/SocketException'{0x0000000089494410}: Socket is not connected: shutdown> (0x0000000089494410) 
thrown [s\open\src\hotspot\share\prims\jni.cpp, line 535]
Event: 1.820 Thread 0x0000022eb7df6e80 Exception <a 'java/lang/NoSuchMethodError'{0x0000000089425d90}: 'java.lang.Object java.lang.invoke.DirectMethodHandle$Holder.newInvokeSpecial(java.lang.Object, java.lang.Object, long)'> (0x0000000089425d90) 
thrown [s\open\src\hotspot\share\interpreter\linkResolver.cpp, line 759]
Event: 1.834 Thread 0x0000022eb7fd1fb0 Exception <a 'java/net/ConnectException'{0x0000000089495478}: Connection refused: no further information> (0x0000000089495478) 
thrown [s\open\src\hotspot\share\prims\jni.cpp, line 535]
Event: 1.834 Thread 0x0000022eb7fd1fb0 Exception <a 'java/net/SocketException'{0x00000000894957b0}: Socket is not connected: shutdown> (0x00000000894957b0) 
thrown [s\open\src\hotspot\share\prims\jni.cpp, line 535]
Event: 1.881 Thread 0x0000022eb7fd1fb0 Exception <a 'java/net/ConnectException'{0x0000000089496748}: Connection refused: no further information> (0x0000000089496748) 
thrown [s\open\src\hotspot\share\prims\jni.cpp, line 535]
Event: 1.881 Thread 0x0000022eb7fd1fb0 Exception <a 'java/net/SocketException'{0x0000000089496a80}: Socket is not connected: shutdown> (0x0000000089496a80) 
thrown [s\open\src\hotspot\share\prims\jni.cpp, line 535]
Event: 1.929 Thread 0x0000022eb7fd1fb0 Exception <a 'java/net/ConnectException'{0x0000000089497a18}: Connection refused: no further information> (0x0000000089497a18) 
thrown [s\open\src\hotspot\share\prims\jni.cpp, line 535]
Event: 1.929 Thread 0x0000022eb7fd1fb0 Exception <a 'java/net/SocketException'{0x0000000089497d50}: Socket is not connected: shutdown> (0x0000000089497d50) 
thrown [s\open\src\hotspot\share\prims\jni.cpp, line 535]
Event: 2.037 Thread 0x0000022eb7fd1fb0 Exception <a 'java/net/ConnectException'{0x0000000089498ce8}: Connection refused: no further information> (0x0000000089498ce8) 
thrown [s\open\src\hotspot\share\prims\jni.cpp, line 535]
Event: 2.037 Thread 0x0000022eb7fd1fb0 Exception <a 'java/net/SocketException'{0x0000000089499020}: Socket is not connected: shutdown> (0x0000000089499020) 
thrown [s\open\src\hotspot\share\prims\jni.cpp, line 535]
Event: 2.254 Thread 0x0000022e9478e980 Exception <a 'java/lang/NoSuchMethodError'{0x000000008933a030}: 'double java.lang.invoke.DirectMethodHandle$Holder.invokeVirtual(java.lang.Object, java.lang.Object)'> (0x000000008933a030) 
thrown [s\open\src\hotspot\share\interpreter\linkResolver.cpp, line 759]
Event: 2.256 Thread 0x0000022e9478e980 Exception <a 'java/lang/NoSuchMethodError'{0x0000000089340928}: 'float java.lang.invoke.DirectMethodHandle$Holder.invokeVirtual(java.lang.Object, java.lang.Object)'> (0x0000000089340928) 
thrown [s\open\src\hotspot\share\interpreter\linkResolver.cpp, line 759]
Event: 2.257 Thread 0x0000022e9478e980 Exception <a 'java/lang/NoSuchMethodError'{0x0000000089349ba8}: 'long java.lang.invoke.DirectMethodHandle$Holder.invokeVirtual(java.lang.Object, java.lang.Object)'> (0x0000000089349ba8) 
thrown [s\open\src\hotspot\share\interpreter\linkResolver.cpp, line 759]
Event: 2.287 Thread 0x0000022e9478e980 Exception <a 'java/lang/NoSuchMethodError'{0x000000008928bac0}: 'void java.lang.invoke.DirectMethodHandle$Holder.invokeSpecial(java.lang.Object, java.lang.Object, java.lang.Object, java.lang.Object, java.lang.Object)'> (0x000000008928bac0) 
thrown [s\open\src\hotspot\share\interpreter\linkResolver.cpp, line 759]
Event: 2.287 Thread 0x0000022e9478e980 Exception <a 'java/lang/NoSuchMethodError'{0x0000000089292960}: 'void java.lang.invoke.DirectMethodHandle$Holder.invokeStatic(java.lang.Object, java.lang.Object, int)'> (0x0000000089292960) 
thrown [s\open\src\hotspot\share\interpreter\linkResolver.cpp, line 759]
Event: 2.327 Thread 0x0000022e9478e980 Exception <a 'java/lang/NoSuchMethodError'{0x0000000089099d18}: 'int java.lang.invoke.DirectMethodHandle$Holder.invokeSpecialIFC(java.lang.Object, java.lang.Object, java.lang.Object)'> (0x0000000089099d18) 
thrown [s\open\src\hotspot\share\interpreter\linkResolver.cpp, line 759]
Event: 2.391 Thread 0x0000022e9478e980 Exception <a 'java/lang/NoSuchMethodError'{0x0000000088df1bc0}: 'void java.lang.invoke.DirectMethodHandle$Holder.invokeSpecial(java.lang.Object, java.lang.Object, java.lang.Object, java.lang.Object, java.lang.Object, java.lang.Object)'> (0x0000000088df1bc0) 
thrown [s\open\src\hotspot\share\interpreter\linkResolver.cpp, line 759]
Event: 3.320 Thread 0x0000022e9478e980 Exception <a 'java/lang/NoSuchMethodError'{0x0000000086f6fd18}: 'java.lang.Object java.lang.invoke.DirectMethodHandle$Holder.invokeSpecialIFC(java.lang.Object, java.lang.Object, java.lang.Object)'> (0x0000000086f6fd18) 
thrown [s\open\src\hotspot\share\interpreter\linkResolver.cpp, line 759]
Event: 3.339 Thread 0x0000022e9478e980 Exception <a 'java/lang/NoSuchMethodError'{0x0000000086fc5df8}: 'java.lang.Object java.lang.invoke.DirectMethodHandle$Holder.invokeStatic(java.lang.Object, int, java.lang.Object)'> (0x0000000086fc5df8) 
thrown [s\open\src\hotspot\share\interpreter\linkResolver.cpp, line 759]
Event: 3.343 Thread 0x0000022e9478e980 Exception <a 'java/lang/ClassNotFoundException'{0x0000000086fd7558}: sun/util/logging/resources/spi/loggingProvider> (0x0000000086fd7558) 
thrown [s\open\src\hotspot\share\classfile\systemDictionary.cpp, line 255]

VM Operations (20 events):
Event: 0.940 Executing VM operation: G1CollectForAllocation
Event: 0.947 Executing VM operation: G1CollectForAllocation done
Event: 0.952 Executing VM operation: HandshakeAllThreads
Event: 0.952 Executing VM operation: HandshakeAllThreads done
Event: 1.260 Executing VM operation: HandshakeAllThreads
Event: 1.260 Executing VM operation: HandshakeAllThreads done
Event: 1.362 Executing VM operation: G1CollectForAllocation
Event: 1.375 Executing VM operation: G1CollectForAllocation done
Event: 1.525 Executing VM operation: HandshakeAllThreads
Event: 1.525 Executing VM operation: HandshakeAllThreads done
Event: 2.215 Executing VM operation: HandshakeAllThreads
Event: 2.215 Executing VM operation: HandshakeAllThreads done
Event: 2.219 Executing VM operation: HandshakeAllThreads
Event: 2.219 Executing VM operation: HandshakeAllThreads done
Event: 2.519 Executing VM operation: CollectForMetadataAllocation
Event: 2.528 Executing VM operation: CollectForMetadataAllocation done
Event: 2.539 Executing VM operation: G1Concurrent
Event: 2.543 Executing VM operation: G1Concurrent done
Event: 2.549 Executing VM operation: G1Concurrent
Event: 2.549 Executing VM operation: G1Concurrent done

Events (20 events):
Event: 0.189 Thread 0x0000022eb6d122c0 Thread added: 0x0000022eb6d122c0
Event: 0.227 Loaded shared library C:\Users\Pomogator\.jdks\openjdk-18.0.2\bin\verify.dll
Event: 0.233 Loaded shared library C:\Users\Pomogator\.jdks\openjdk-18.0.2\bin\jimage.dll
Event: 0.249 Thread 0x0000022eb6e562d0 Thread added: 0x0000022eb6e562d0
Event: 0.914 Loaded shared library C:\Users\Pomogator\.jdks\openjdk-18.0.2\bin\sunmscapi.dll
Event: 1.111 Thread 0x0000022eb72f6f30 Thread added: 0x0000022eb72f6f30
Event: 1.463 Thread 0x0000022eb81568b0 Thread added: 0x0000022eb81568b0
Event: 1.568 Loaded shared library C:\Users\Pomogator\.jdks\openjdk-18.0.2\bin\management.dll
Event: 1.571 Loaded shared library C:\Users\Pomogator\.jdks\openjdk-18.0.2\bin\management_ext.dll
Event: 1.592 Thread 0x0000022eb7f51970 Thread added: 0x0000022eb7f51970
Event: 1.809 Thread 0x0000022eb7df6e80 Thread added: 0x0000022eb7df6e80
Event: 1.812 Thread 0x0000022eb8077070 Thread added: 0x0000022eb8077070
Event: 1.812 Thread 0x0000022eb7db9170 Thread added: 0x0000022eb7db9170
Event: 1.814 Thread 0x0000022eb7fd1fb0 Thread added: 0x0000022eb7fd1fb0
Event: 1.822 Thread 0x0000022eb7e893c0 Thread added: 0x0000022eb7e893c0
Event: 1.822 Thread 0x0000022eb7e8ba40 Thread added: 0x0000022eb7e8ba40
Event: 2.021 Thread 0x0000022eb72f6f30 Thread exited: 0x0000022eb72f6f30
Event: 2.039 Thread 0x0000022eb6e562d0 Thread exited: 0x0000022eb6e562d0
Event: 2.218 Thread 0x0000022eb7e8a230 Thread added: 0x0000022eb7e8a230
Event: 2.468 Thread 0x0000022eb7e8abd0 Thread added: 0x0000022eb7e8abd0


Dynamic libraries:
0x00007ff7dc150000 - 0x00007ff7dc15e000 	C:\Users\Pomogator\.jdks\openjdk-18.0.2\bin\java.exe
0x00007ffd50830000 - 0x00007ffd50a28000 	C:\Windows\SYSTEM32\ntdll.dll
0x00007ffd4f750000 - 0x00007ffd4f80d000 	C:\Windows\System32\KERNEL32.DLL
0x00007ffd4e2e0000 - 0x00007ffd4e5ae000 	C:\Windows\System32\KERNELBASE.dll
0x00007ffd4e0d0000 - 0x00007ffd4e1d0000 	C:\Windows\System32\ucrtbase.dll
0x00007ffd465d0000 - 0x00007ffd465e7000 	C:\Users\Pomogator\.jdks\openjdk-18.0.2\bin\jli.dll
0x00007ffd46490000 - 0x00007ffd464aa000 	C:\Users\Pomogator\.jdks\openjdk-18.0.2\bin\VCRUNTIME140.dll
0x00007ffd4eb90000 - 0x00007ffd4ed30000 	C:\Windows\System32\USER32.dll
0x00007ffd4e1d0000 - 0x00007ffd4e1f2000 	C:\Windows\System32\win32u.dll
0x00007ffd383f0000 - 0x00007ffd3868a000 	C:\Windows\WinSxS\amd64_microsoft.windows.common-controls_6595b64144ccf1df_6.0.19041.1110_none_60b5254171f9507e\COMCTL32.dll
0x00007ffd4eee0000 - 0x00007ffd4ef7e000 	C:\Windows\System32\msvcrt.dll
0x00007ffd507b0000 - 0x00007ffd507da000 	C:\Windows\System32\GDI32.dll
0x00007ffd4e5b0000 - 0x00007ffd4e6bb000 	C:\Windows\System32\gdi32full.dll
0x00007ffd4e030000 - 0x00007ffd4e0cd000 	C:\Windows\System32\msvcp_win.dll
0x00007ffd4f5f0000 - 0x00007ffd4f620000 	C:\Windows\System32\IMM32.DLL
0x00007ffd49890000 - 0x00007ffd4989c000 	C:\Users\Pomogator\.jdks\openjdk-18.0.2\bin\vcruntime140_1.dll
0x00007ffd3ae10000 - 0x00007ffd3ae9d000 	C:\Users\Pomogator\.jdks\openjdk-18.0.2\bin\msvcp140.dll
0x00007ffd0e170000 - 0x00007ffd0ed81000 	C:\Users\Pomogator\.jdks\openjdk-18.0.2\bin\server\jvm.dll
0x00007ffd4eae0000 - 0x00007ffd4eb8e000 	C:\Windows\System32\ADVAPI32.dll
0x00007ffd4ed30000 - 0x00007ffd4edcc000 	C:\Windows\System32\sechost.dll
0x00007ffd4f620000 - 0x00007ffd4f745000 	C:\Windows\System32\RPCRT4.dll
0x00007ffd507e0000 - 0x00007ffd507e8000 	C:\Windows\System32\PSAPI.DLL
0x00007ffd44780000 - 0x00007ffd44789000 	C:\Windows\SYSTEM32\WSOCK32.dll
0x00007ffd49a90000 - 0x00007ffd49ab7000 	C:\Windows\SYSTEM32\WINMM.dll
0x00007ffd47b80000 - 0x00007ffd47b8a000 	C:\Windows\SYSTEM32\VERSION.dll
0x00007ffd4f920000 - 0x00007ffd4f98b000 	C:\Windows\System32\WS2_32.dll
0x00007ffd4c7f0000 - 0x00007ffd4c802000 	C:\Windows\SYSTEM32\kernel.appcore.dll
0x00007ffd49780000 - 0x00007ffd4978a000 	C:\Users\Pomogator\.jdks\openjdk-18.0.2\bin\jimage.dll
0x00007ffd4bd10000 - 0x00007ffd4bef4000 	C:\Windows\SYSTEM32\DBGHELP.DLL
0x00007ffd335e0000 - 0x00007ffd3360c000 	C:\Windows\SYSTEM32\dbgcore.DLL
0x00007ffd4e200000 - 0x00007ffd4e282000 	C:\Windows\System32\bcryptPrimitives.dll
0x00007ffd46550000 - 0x00007ffd4655e000 	C:\Users\Pomogator\.jdks\openjdk-18.0.2\bin\instrument.dll
0x00007ffd46460000 - 0x00007ffd46485000 	C:\Users\Pomogator\.jdks\openjdk-18.0.2\bin\java.dll
0x00007ffd1a380000 - 0x00007ffd1a456000 	C:\Users\Pomogator\.jdks\openjdk-18.0.2\bin\jsvml.dll
0x00007ffd50060000 - 0x00007ffd507a4000 	C:\Windows\System32\SHELL32.dll
0x00007ffd4bff0000 - 0x00007ffd4c784000 	C:\Windows\SYSTEM32\windows.storage.dll
0x00007ffd4f990000 - 0x00007ffd4fce4000 	C:\Windows\System32\combase.dll
0x00007ffd4d8d0000 - 0x00007ffd4d900000 	C:\Windows\SYSTEM32\Wldp.dll
0x00007ffd4edd0000 - 0x00007ffd4ee7d000 	C:\Windows\System32\SHCORE.dll
0x00007ffd4f470000 - 0x00007ffd4f4c5000 	C:\Windows\System32\shlwapi.dll
0x00007ffd4de90000 - 0x00007ffd4deaf000 	C:\Windows\SYSTEM32\profapi.dll
0x00007ffd3e7c0000 - 0x00007ffd3e7d8000 	C:\Users\Pomogator\.jdks\openjdk-18.0.2\bin\zip.dll
0x00007ffd46440000 - 0x00007ffd46453000 	C:\Users\Pomogator\.jdks\openjdk-18.0.2\bin\net.dll
0x00007ffd47ea0000 - 0x00007ffd47faa000 	C:\Windows\SYSTEM32\WINHTTP.dll
0x00007ffd4d6b0000 - 0x00007ffd4d71a000 	C:\Windows\system32\mswsock.dll
0x00007ffd3e7e0000 - 0x00007ffd3e7f6000 	C:\Users\Pomogator\.jdks\openjdk-18.0.2\bin\nio.dll
0x00007ffd3e7a0000 - 0x00007ffd3e7ba000 	C:\Program Files\JetBrains\IntelliJ IDEA Community Edition 2022.2\bin\breakgen64.dll
0x00007ffd435e0000 - 0x00007ffd435f0000 	C:\Users\Pomogator\.jdks\openjdk-18.0.2\bin\verify.dll
0x00007ffd4d910000 - 0x00007ffd4d928000 	C:\Windows\SYSTEM32\CRYPTSP.dll
0x00007ffd4cfe0000 - 0x00007ffd4d014000 	C:\Windows\system32\rsaenh.dll
0x00007ffd4e000000 - 0x00007ffd4e027000 	C:\Windows\System32\bcrypt.dll
0x00007ffd4de10000 - 0x00007ffd4de3e000 	C:\Windows\SYSTEM32\USERENV.dll
0x00007ffd4d840000 - 0x00007ffd4d84c000 	C:\Windows\SYSTEM32\CRYPTBASE.dll
0x00007ffd4d370000 - 0x00007ffd4d3ab000 	C:\Windows\SYSTEM32\IPHLPAPI.DLL
0x00007ffd4ead0000 - 0x00007ffd4ead8000 	C:\Windows\System32\NSI.dll
0x00007ffd46d00000 - 0x00007ffd46d17000 	C:\Windows\SYSTEM32\dhcpcsvc6.DLL
0x00007ffd46fb0000 - 0x00007ffd46fcd000 	C:\Windows\SYSTEM32\dhcpcsvc.DLL
0x00007ffd4d3c0000 - 0x00007ffd4d48a000 	C:\Windows\SYSTEM32\DNSAPI.dll
0x00007ffd3e4a0000 - 0x00007ffd3e4ae000 	C:\Users\Pomogator\.jdks\openjdk-18.0.2\bin\sunmscapi.dll
0x00007ffd4e730000 - 0x00007ffd4e886000 	C:\Windows\System32\CRYPT32.dll
0x00007ffd4da20000 - 0x00007ffd4da47000 	C:\Windows\SYSTEM32\ncrypt.dll
0x00007ffd4d9e0000 - 0x00007ffd4da1b000 	C:\Windows\SYSTEM32\NTASN1.dll
0x00007ffd3b5f0000 - 0x00007ffd3b5fa000 	C:\Windows\System32\rasadhlp.dll
0x00007ffd43a70000 - 0x00007ffd43af0000 	C:\Windows\System32\fwpuclnt.dll
0x00007ffd43340000 - 0x00007ffd43349000 	C:\Users\Pomogator\.jdks\openjdk-18.0.2\bin\management.dll
0x00007ffd3e790000 - 0x00007ffd3e79b000 	C:\Users\Pomogator\.jdks\openjdk-18.0.2\bin\management_ext.dll
0x00007ffd2a200000 - 0x00007ffd2a217000 	C:\Windows\system32\napinsp.dll
0x00007ffd2a1e0000 - 0x00007ffd2a1fb000 	C:\Windows\system32\pnrpnsp.dll
0x00007ffd2a1c0000 - 0x00007ffd2a1d5000 	C:\Windows\system32\wshbth.dll
0x00007ffd49730000 - 0x00007ffd4974d000 	C:\Windows\system32\NLAapi.dll
0x00007ffd2a1a0000 - 0x00007ffd2a1b2000 	C:\Windows\System32\winrnr.dll

dbghelp: loaded successfully - version: 4.0.5 - missing functions: none
symbol engine: initialized successfully - sym options: 0x614 - pdb path: .;C:\Users\Pomogator\.jdks\openjdk-18.0.2\bin;C:\Windows\SYSTEM32;C:\Windows\WinSxS\amd64_microsoft.windows.common-controls_6595b64144ccf1df_6.0.19041.1110_none_60b5254171f9507e;C:\Users\Pomogator\.jdks\openjdk-18.0.2\bin\server;C:\Program Files\JetBrains\IntelliJ IDEA Community Edition 2022.2\bin

VM Arguments:
jvm_args: -ea -Didea.test.cyclic.buffer.size=1048576 -javaagent:C:\Program Files\JetBrains\IntelliJ IDEA Community Edition 2022.2\lib\idea_rt.jar=50159:C:\Program Files\JetBrains\IntelliJ IDEA Community Edition 2022.2\bin -Dfile.encoding=UTF-8 
java_command: com.intellij.rt.testng.RemoteTestNGStarter -usedefaultlisteners false -socket50158 @w@C:\Users\Pomogator\AppData\Local\Temp\idea_working_dirs_testng.tmp -temp C:\Users\Pomogator\AppData\Local\Temp\idea_testng.tmp
java_class_path (initial): C:\Program Files\JetBrains\IntelliJ IDEA Community Edition 2022.2\lib\idea_rt.jar;C:\Program Files\JetBrains\IntelliJ IDEA Community Edition 2022.2\plugins\testng\lib\testng-rt.jar;C:\Users\Pomogator\IdeaProjects\UIandAPItests\target\test-classes;C:\Users\Pomogator\.m2\repository\org\testng\testng\7.6.1\testng-7.6.1.jar;C:\Users\Pomogator\.m2\repository\com\google\code\findbugs\jsr305\3.0.2\jsr305-3.0.2.jar;C:\Users\Pomogator\.m2\repository\org\slf4j\slf4j-api\1.7.36\slf4j-api-1.7.36.jar;C:\Users\Pomogator\.m2\repository\com\beust\jcommander\1.82\jcommander-1.82.jar;C:\Users\Pomogator\.m2\repository\org\webjars\jquery\3.6.0\jquery-3.6.0.jar;C:\Users\Pomogator\.m2\repository\org\seleniumhq\selenium\selenium-java\4.4.0\selenium-java-4.4.0.jar;C:\Users\Pomogator\.m2\repository\org\seleniumhq\selenium\selenium-api\4.4.0\selenium-api-4.4.0.jar;C:\Users\Pomogator\.m2\repository\org\seleniumhq\selenium\selenium-chrome-driver\4.4.0\selenium-chrome-driver-4.4.0.jar;C:\Users\Pomogator\.m2\repository\com\google\auto\service\auto-service-annotations\1.0.1\auto-service-annotations-1.0.1.jar;C:\Users\Pomogator\.m2\repository\com\google\auto\service\auto-service\1.0.1\auto-service-1.0.1.jar;C:\Users\Pomogator\.m2\repository\com\google\auto\auto-common\1.2\auto-common-1.2.jar;C:\Users\Pomogator\.m2\repository\com\google\guava\guava\31.1-jre\guava-31.1-jre.jar;C:\Users\Pomogator\.m2\repository\com\google\guava\failureaccess\1.0.1\failureaccess-1.0.1.jar;C:\Users\Pomogator\.m2\repository\com\google\guava\listenablefuture\9999.0-empty-to-avoid-conflict-with-guava\listenablefuture-9999.0-empty-to-avoid-conflict-with-guava.jar;C:\Users\Pomogator\.m2\repository\org\checkerframework\checker-qual\3.12.0\checker-qual-3.12.0.jar;C:\Users\Pomogator\.m2\repository\com\google\errorprone\error_prone_annotations\2.11.0\error_prone_annotations-2.11.0.jar;C:\Users\Pomogator\.m2\repository\com\google\j2objc\j2objc-annotations\1.3\j2objc-annotations-1.3.jar;C:\Users\Pomogator\.m2\repository\org\seleniumhq\selenium\selenium-chromium-driver\4.4.0\selenium-chromium-driver-4.4.0.jar;C:\Users\Pomogator\.m2\repository\org\seleniumhq\selenium\selenium-json\4.4.0\selenium-json-4.4.0.jar;C:\Users\Pomogator\.m2\repository\org\seleniumhq\selenium\selenium-devtools-v102\4.4.0\selenium-devtools-v102-4.4.0.jar;C:\Users\Pomogator\.m2\repository\org\seleniumhq\selenium\selenium-devtools-v103\4.4.0\selenium-devtools-v103-4.4.0.jar;C:\Users\Pomogator\.m2\repository\org\seleniumhq\selenium\selenium-devtools-v104\4.4.0\selenium-devtools-v104-4.4.0.jar;C:\Users\Pomogator\.m2\repository\org\seleniumhq\selenium\selenium-devtools-v85\4.4.0\selenium-devtools-v85-4.4.0.jar;C:\Users\Pomogator\.m2\repository\org\seleniumhq\selenium\selenium-edge-driver\4.4.0\selenium-edge-driver-4.4.0.jar;C:\Users\Pomogator\.m2\repository\org\seleniumhq\selenium\selenium-firefox-driver\4.4.0\selenium-firefox-driver-4.4.0.jar;C:\Users\Pomogator\.m2\repository\org\seleniumhq\selenium\selenium-ie-driver\4.4.0\selenium-ie-driver-4.4.0.jar;C:\Users\Pomogator\.m2\repository\org\seleniumhq\selenium\selenium-opera-driver\4.4.0\selenium-opera-driver-4.4.0.jar;C:\Users\Pomogator\.m2\repository\org\seleniumhq\selenium\selenium-remote-driver\4.4.0\selenium-remote-driver-4.4.0.jar;C:\Users\Pomogator\.m2\repository\io\netty\netty-buffer\4.1.78.Final\netty-buffer-4.1.78.Final.jar;C:\Users\Pomogator\.m2\repository\io\netty\netty-codec-http\4.1.78.Final\netty-codec-http-4.1.78.Final.jar;C:\Users\Pomogator\.m2\repository\io\netty\netty-codec\4.1.78.Final\netty-codec-4.1.78.Final.jar;C:\Users\Pomogator\.m2\repository\io\netty\netty-handler\4.1.78.Final\netty-handler-4.1.78.Final.jar;C:\Users\Pomogator\.m2\repository\io\netty\netty-common\4.1.78.Final\netty-common-4.1.78.Final.jar;C:\Users\Pomogator\.m2\repository\io\netty\netty-transport-classes-epoll\4.1.78.Final\netty-transport-classes-epoll-4.1.78.Final.jar;C:\Users\Pomogator\.m2\repository\io\netty\netty-transport-classes-kqueue\4.1.78.Final\netty-transport-classes-kqueue-4.1.78.Final.jar;C:\Users\Pomogator\.m2\repository\io\netty\netty-transport-native-epoll\4.1.78.Final\netty-transport-native-epoll-4.1.78.Final.jar;C:\Users\Pomogator\.m2\repository\io\netty\netty-transport-native-kqueue\4.1.78.Final\netty-transport-native-kqueue-4.1.78.Final.jar;C:\Users\Pomogator\.m2\repository\io\netty\netty-transport-native-unix-common\4.1.78.Final\netty-transport-native-unix-common-4.1.78.Final.jar;C:\Users\Pomogator\.m2\repository\io\netty\netty-transport\4.1.78.Final\netty-transport-4.1.78.Final.jar;C:\Users\Pomogator\.m2\repository\io\netty\netty-resolver\4.1.78.Final\netty-resolver-4.1.78.Final.jar;C:\Users\Pomogator\.m2\repository\io\opentelemetry\opentelemetry-api\1.16.0\opentelemetry-api-1.16.0.jar;C:\Users\Pomogator\.m2\repository\io\opentelemetry\opentelemetry-context\1.16.0\opentelemetry-context-1.16.0.jar;C:\Users\Pomogator\.m2\repository\io\opentelemetry\opentelemetry-exporter-logging\1.16.0\opentelemetry-exporter-logging-1.16.0.jar;C:\Users\Pomogator\.m2\repository\io\opentelemetry\opentelemetry-sdk-metrics\1.16.0\opentelemetry-sdk-metrics-1.16.0.jar;C:\Users\Pomogator\.m2\repository\io\opentelemetry\opentelemetry-sdk-logs\1.16.0-alpha\opentelemetry-sdk-logs-1.16.0-alpha.jar;C:\Users\Pomogator\.m2\repository\io\opentelemetry\opentelemetry-sdk-common\1.16.0\opentelemetry-sdk-common-1.16.0.jar;C:\Users\Pomogator\.m2\repository\io\opentelemetry\opentelemetry-sdk-extension-autoconfigure-spi\1.16.0\opentelemetry-sdk-extension-autoconfigure-spi-1.16.0.jar;C:\Users\Pomogator\.m2\repository\io\opentelemetry\opentelemetry-sdk-extension-autoconfigure\1.16.0-alpha\opentelemetry-sdk-extension-autoconfigure-1.16.0-alpha.jar;C:\Users\Pomogator\.m2\repository\io\opentelemetry\opentelemetry-sdk-trace\1.16.0\opentelemetry-sdk-trace-1.16.0.jar;C:\Users\Pomogator\.m2\repository\io\opentelemetry\opentelemetry-sdk\1.16.0\opentelemetry-sdk-1.16.0.jar;C:\Users\Pomogator\.m2\repository\io\opentelemetry\opentelemetry-semconv\1.16.0-alpha\opentelemetry-semconv-1.16.0-alpha.jar;C:\Users\Pomogator\.m2\repository\io\ous\jtoml\2.0.0\jtoml-2.0.0.jar;C:\Users\Pomogator\.m2\repository\net\bytebuddy\byte-buddy\1.12.10\byte-buddy-1.12.10.jar;C:\Users\Pomogator\.m2\repository\org\apache\commons\commons-exec\1.3\commons-exec-1.3.jar;C:\Users\Pomogator\.m2\repository\org\asynchttpclient\async-http-client\2.12.3\async-http-client-2.12.3.jar;C:\Users\Pomogator\.m2\repository\org\asynchttpclient\async-http-client-netty-utils\2.12.3\async-http-client-netty-utils-2.12.3.jar;C:\Users\Pomogator\.m2\repository\io\netty\netty-codec-socks\4.1.60.Final\netty-codec-socks-4.1.60.Final.jar;C:\Users\Pomogator\.m2\repository\io\netty\netty-handler-proxy\4.1.60.Final\netty-handler-proxy-4.1.60.Final.jar;C:\Users\Pomogator\.m2\repository\io\netty\netty-transport-native-epoll\4.1.60.Final\netty-transport-native-epoll-4.1.60.Final-linux-x86_64.jar;C:\Users\Pomogator\.m2\repository\io\netty\netty-transport-native-kqueue\4.1.60.Final\netty-transport-native-kqueue-4.1.60.Final-osx-x86_64.jar;C:\Users\Pomogator\.m2\repository\org\reactivestreams\reactive-streams\1.0.3\reactive-streams-1.0.3.jar;C:\Users\Pomogator\.m2\repository\com\typesafe\netty\netty-reactive-streams\2.0.4\netty-reactive-streams-2.0.4.jar;C:\Users\Pomogator\.m2\repository\com\sun\activation\jakarta.activation\1.2.2\jakarta.activation-1.2.2.jar;C:\Users\Pomogator\.m2\repository\org\seleniumhq\selenium\selenium-http\4.4.0\selenium-http-4.4.0.jar;C:\Users\Pomogator\.m2\repository\dev\failsafe\failsafe\3.2.4\failsafe-3.2.4.jar;C:\Users\Pomogator\.m2\repository\org\seleniumhq\selenium\selenium-safari-driver\4.4.0\selenium-safari-driver-4.4.0.jar;C:\Users\Pomogator\.m2\repository\org\seleniumhq\selenium\selenium-support\4.4.0\selenium-support-4.4.0.jar;C:\Users\Pomogator\.m2\repository\io\github\bonigarcia\webdrivermanager\5.2.3\webdrivermanager-5.2.3.jar;C:\Users\Pomogator\.m2\repository\com\google\code\gson\gson\2.9.1\gson-2.9.1.jar;C:\Users\Pomogator\.m2\repository\com\github\docker-java\docker-java\3.2.13\docker-java-3.2.13.jar;C:\Users\Pomogator\.m2\repository\com\github\docker-java\docker-java-core\3.2.13\docker-java-core-3.2.13.jar;C:\Users\Pomogator\.m2\repository\com\github\docker-java\docker-java-api\3.2.13\docker-java-api-3.2.13.jar;C:\Users\Pomogator\.m2\repository\com\fasterxml\jackson\core\jackson-annotations\2.10.3\jackson-annotations-2.10.3.jar;C:\Users\Pomogator\.m2\repository\commons-io\commons-io\2.6\commons-io-2.6.jar;C:\Users\Pomogator\.m2\repository\org\apache\commons\commons-compress\1.21\commons-compress-1.21.jar;C:\Users\Pomogator\.m2\repository\com\fasterxml\jackson\core\jackson-databind\2.10.3\jackson-databind-2.10.3.jar;C:\Users\Pomogator\.m2\repository\com\fasterxml\jackson\core\jackson-core\2.10.3\jackson-core-2.10.3.jar;C:\Users\Pomogator\.m2\repository\org\bouncycastle\bcpkix-jdk15on\1.64\bcpkix-jdk15on-1.64.jar;C:\Users\Pomogator\.m2\repository\org\bouncycastle\bcprov-jdk15on\1.64\bcprov-jdk15on-1.64.jar;C:\Users\Pomogator\.m2\repository\org\slf4j\jcl-over-slf4j\1.7.30\jcl-over-slf4j-1.7.30.jar;C:\Users\Pomogator\.m2\repository\com\github\docker-java\docker-java-transport-httpclient5\3.2.13\docker-java-transport-httpclient5-3.2.13.jar;C:\Users\Pomogator\.m2\repository\com\github\docker-java\docker-java-transport\3.2.13\docker-java-transport-3.2.13.jar;C:\Users\Pomogator\.m2\repository\net\java\dev\jna\jna\5.8.0\jna-5.8.0.jar;C:\Users\Pomogator\.m2\repository\org\brotli\dec\0.1.2\dec-0.1.2.jar;C:\Users\Pomogator\.m2\repository\org\apache\commons\commons-lang3\3.12.0\commons-lang3-3.12.0.jar;C:\Users\Pomogator\.m2\repository\org\apache\httpcomponents\client5\httpclient5\5.1.3\httpclient5-5.1.3.jar;C:\Users\Pomogator\.m2\repository\org\apache\httpcomponents\core5\httpcore5\5.1.3\httpcore5-5.1.3.jar;C:\Users\Pomogator\.m2\repository\org\apache\httpcomponents\core5\httpcore5-h2\5.1.3\httpcore5-h2-5.1.3.jar;C:\Users\Pomogator\.m2\repository\commons-codec\commons-codec\1.15\commons-codec-1.15.jar
Launcher Type: SUN_STANDARD

[Global flags]
     intx CICompilerCount                          = 4                                         {product} {ergonomic}
     uint ConcGCThreads                            = 2                                         {product} {ergonomic}
     uint G1ConcRefinementThreads                  = 8                                         {product} {ergonomic}
   size_t G1HeapRegionSize                         = 1048576                                   {product} {ergonomic}
    uintx GCDrainStackTargetSize                   = 64                                        {product} {ergonomic}
   size_t InitialHeapSize                          = 132120576                                 {product} {ergonomic}
   size_t MarkStackSize                            = 4194304                                   {product} {ergonomic}
   size_t MaxHeapSize                              = 2105540608                                {product} {ergonomic}
   size_t MaxNewSize                               = 1262485504                                {product} {ergonomic}
   size_t MinHeapDeltaBytes                        = 1048576                                   {product} {ergonomic}
   size_t MinHeapSize                              = 8388608                                   {product} {ergonomic}
    uintx NonNMethodCodeHeapSize                   = 5839372                                {pd product} {ergonomic}
    uintx NonProfiledCodeHeapSize                  = 122909434                              {pd product} {ergonomic}
    uintx ProfiledCodeHeapSize                     = 122909434                              {pd product} {ergonomic}
    uintx ReservedCodeCacheSize                    = 251658240                              {pd product} {ergonomic}
     bool SegmentedCodeCache                       = true                                      {product} {ergonomic}
   size_t SoftMaxHeapSize                          = 2105540608                             {manageable} {ergonomic}
     bool UseCompressedClassPointers               = true                           {product lp64_product} {ergonomic}
     bool UseCompressedOops                        = true                           {product lp64_product} {ergonomic}
     bool UseG1GC                                  = true                                      {product} {ergonomic}
     bool UseLargePagesIndividualAllocation        = false                                  {pd product} {ergonomic}

Logging:
Log output configuration:
 #0: stdout all=warning uptime,level,tags foldmultilines=false
 #1: stderr all=off uptime,level,tags foldmultilines=false

Environment Variables:
JAVA_HOME=C:\Users\Pomogator\OneDrive\\IT\jdk-18.0.2
PATH=C:\Windows\system32;C:\Windows;C:\Windows\System32\Wbem;C:\Windows\System32\WindowsPowerShell\v1.0\;C:\Windows\System32\OpenSSH\;C:\Program Files (x86)\Git\cmd;C:\Users\Pomogator\OneDrive\\IT\apache-maven-3.8.6\bin;C:\Users\Pomogator\OneDrive\\IT\jdk-18.0.2\bin;C:\Users\Pomogator\AppData\Local\Microsoft\WindowsApps;
USERNAME=Pomogator
OS=Windows_NT
PROCESSOR_IDENTIFIER=Intel64 Family 6 Model 165 Stepping 2, GenuineIntel



---------------  S Y S T E M  ---------------

OS:
 Windows 10 , 64 bit Build 19041 (10.0.19041.1889)
OS uptime: 6 days 14:38 hours
Hyper-V role detected

CPU: total 8 (initial active 8) (4 cores per cpu, 2 threads per core) family 6 model 165 stepping 2 microcode 0xc8, cx8, cmov, fxsr, ht, mmx, 3dnowpref, sse, sse2, sse3, ssse3, sse4.1, sse4.2, popcnt, lzcnt, tsc, tscinvbit, avx, avx2, aes, erms, clmul, bmi1, bmi2, adx, fma, vzeroupper, clflush, clflushopt, hv

Memory: 4k page, system-wide physical 8029M (677M free)
TotalPageFile size 13283M (AvailPageFile size 3M)
current process WorkingSet (physical memory assigned to process): 115M, peak: 141M
current process commit charge ("private bytes"): 207M, peak: 256M

vm_info: OpenJDK 64-Bit Server VM (18.0.2+9-61) for windows-amd64 JRE (18.0.2+9-61), built on Jun  7 2022 13:05:59 by "mach5one" with MS VC++ 16.8 / 16.9 (VS2019)

END.
