#
# There is insufficient memory for the Java Runtime Environment to continue.
# Native memory allocation (malloc) failed to allocate 1186432 bytes for Chunk::new
# Possible reasons:
#   The system is out of physical RAM or swap space
#   The process is running with CompressedOops enabled, and the Java Heap may be blocking the growth of the native heap
# Possible solutions:
#   Reduce memory load on the system
#   Increase physical memory or swap space
#   Check if swap backing store is full
#   Decrease Java heap size (-Xmx/-Xms)
#   Decrease number of Java threads
#   Decrease Java thread stack sizes (-Xss)
#   Set larger code cache with -XX:ReservedCodeCacheSize=
#   JVM is running with Unscaled Compressed Oops mode in which the Java heap is
#     placed in the first 4GB address space. The Java Heap base address is the
#     maximum limit for the native heap growth. Please use -XX:HeapBaseMinAddress
#     to set the Java Heap base and to place the Java Heap above 4GB virtual address.
# This output file may be truncated or incomplete.
#
#  Out of Memory Error (arena.cpp:184), pid=13368, tid=18496
#
# JRE version: OpenJDK Runtime Environment (18.0.2+9) (build 18.0.2+9-61)
# Java VM: OpenJDK 64-Bit Server VM (18.0.2+9-61, mixed mode, sharing, tiered, compressed oops, compressed class ptrs, g1 gc, windows-amd64)
# No core dump will be written. Minidumps are not enabled by default on client versions of Windows
#

---------------  S U M M A R Y ------------

Command Line: -ea -Didea.test.cyclic.buffer.size=1048576 -javaagent:C:\Program Files\JetBrains\IntelliJ IDEA Community Edition 2022.2\lib\idea_rt.jar=52908:C:\Program Files\JetBrains\IntelliJ IDEA Community Edition 2022.2\bin -Dfile.encoding=UTF-8 com.intellij.rt.testng.RemoteTestNGStarter -usedefaultlisteners false -socket52907 @w@C:\Users\Pomogator\AppData\Local\Temp\idea_working_dirs_testng.tmp -temp C:\Users\Pomogator\AppData\Local\Temp\idea_testng.tmp

Host: Intel(R) Core(TM) i5-10300H CPU @ 2.50GHz, 8 cores, 7G,  Windows 10 , 64 bit Build 19041 (10.0.19041.1889)
Time: Tue Aug 23 12:56:35 2022  Windows 10 , 64 bit Build 19041 (10.0.19041.1889) elapsed time: 1.620197 seconds (0d 0h 0m 1s)

---------------  T H R E A D  ---------------

Current thread (0x00000252ce277b50):  JavaThread "C2 CompilerThread2" daemon [_thread_in_native, id=18496, stack(0x00000081df600000,0x00000081df700000)]


Current CompileTask:
C2:   1620 2062       4       java.lang.invoke.MethodType::makeImpl (109 bytes)

Stack: [0x00000081df600000,0x00000081df700000]
Native frames: (J=compiled Java code, j=interpreted, Vv=VM code, C=native code)
V  [jvm.dll+0x6993ca]
V  [jvm.dll+0x7f481d]
V  [jvm.dll+0x7f612e]
V  [jvm.dll+0x7f67e3]
V  [jvm.dll+0x25cdaf]
V  [jvm.dll+0xb8c2f]
V  [jvm.dll+0xb8fa5]
V  [jvm.dll+0x3860cb]
V  [jvm.dll+0x34fd01]
V  [jvm.dll+0x34f19a]
V  [jvm.dll+0x22ff51]
V  [jvm.dll+0x22f321]
V  [jvm.dll+0x1ba01c]
V  [jvm.dll+0x23ec9a]
V  [jvm.dll+0x23cf85]
V  [jvm.dll+0x7a6e21]
V  [jvm.dll+0x7a125a]
V  [jvm.dll+0x698275]
C  [ucrtbase.dll+0x21bb2]
C  [KERNEL32.DLL+0x17034]
C  [ntdll.dll+0x52651]


---------------  P R O C E S S  ---------------

Threads class SMR info:
_java_thread_list=0x00000252ce2f84c0, length=16, elements={
0x00000252a8cc4910, 0x00000252c8d409a0, 0x00000252c8d424b0, 0x00000252c8d5abf0,
0x00000252c8d5b590, 0x00000252c8d5bf30, 0x00000252c8d5ca10, 0x00000252c8d62d40,
0x00000252c8d8e670, 0x00000252c8d8f350, 0x00000252c8d29530, 0x00000252cd18f100,
0x00000252cd13a060, 0x00000252cd2856a0, 0x00000252ce277b50, 0x00000252ce418420
}

Java Threads: ( => current thread )
  0x00000252a8cc4910 JavaThread "main" [_thread_in_vm, id=17144, stack(0x00000081dda00000,0x00000081ddb00000)]
  0x00000252c8d409a0 JavaThread "Reference Handler" daemon [_thread_blocked, id=9336, stack(0x00000081de100000,0x00000081de200000)]
  0x00000252c8d424b0 JavaThread "Finalizer" daemon [_thread_blocked, id=17260, stack(0x00000081de200000,0x00000081de300000)]
  0x00000252c8d5abf0 JavaThread "Signal Dispatcher" daemon [_thread_blocked, id=13172, stack(0x00000081de300000,0x00000081de400000)]
  0x00000252c8d5b590 JavaThread "Attach Listener" daemon [_thread_blocked, id=5788, stack(0x00000081de400000,0x00000081de500000)]
  0x00000252c8d5bf30 JavaThread "Service Thread" daemon [_thread_blocked, id=9012, stack(0x00000081de500000,0x00000081de600000)]
  0x00000252c8d5ca10 JavaThread "Monitor Deflation Thread" daemon [_thread_blocked, id=11952, stack(0x00000081de600000,0x00000081de700000)]
  0x00000252c8d62d40 JavaThread "C2 CompilerThread0" daemon [_thread_blocked, id=14924, stack(0x00000081de700000,0x00000081de800000)]
  0x00000252c8d8e670 JavaThread "C1 CompilerThread0" daemon [_thread_in_vm, id=12712, stack(0x00000081de800000,0x00000081de900000)]
  0x00000252c8d8f350 JavaThread "Sweeper thread" daemon [_thread_blocked, id=4344, stack(0x00000081de900000,0x00000081dea00000)]
  0x00000252c8d29530 JavaThread "Common-Cleaner" daemon [_thread_blocked, id=16344, stack(0x00000081dea00000,0x00000081deb00000)]
  0x00000252cd18f100 JavaThread "Monitor Ctrl-Break" daemon [_thread_in_native, id=10976, stack(0x00000081deb00000,0x00000081dec00000)]
  0x00000252cd13a060 JavaThread "Notification Thread" daemon [_thread_blocked, id=14172, stack(0x00000081dec00000,0x00000081ded00000)]
  0x00000252cd2856a0 JavaThread "C2 CompilerThread1" daemon [_thread_in_native, id=15576, stack(0x00000081dee00000,0x00000081def00000)]
=>0x00000252ce277b50 JavaThread "C2 CompilerThread2" daemon [_thread_in_native, id=18496, stack(0x00000081df600000,0x00000081df700000)]
  0x00000252ce418420 JavaThread "ForkJoinPool.commonPool-worker-1" daemon [_thread_blocked, id=8832, stack(0x00000081dfa00000,0x00000081dfb00000)]

Other Threads:
  0x00000252c8d3c990 VMThread "VM Thread" [stack: 0x00000081de000000,0x00000081de100000] [id=6656]
  0x00000252cd18f5c0 WatcherThread "VM Periodic Task Thread" [stack: 0x00000081ded00000,0x00000081dee00000] [id=7212]
  0x00000252a8d1e690 WorkerThread "GC Thread#0" [stack: 0x00000081ddb00000,0x00000081ddc00000] [id=17564]
  0x00000252cd888000 WorkerThread "GC Thread#1" [stack: 0x00000081def00000,0x00000081df000000] [id=7556]
  0x00000252cd8886b0 WorkerThread "GC Thread#2" [stack: 0x00000081df000000,0x00000081df100000] [id=1376]
  0x00000252ce12f370 WorkerThread "GC Thread#3" [stack: 0x00000081df100000,0x00000081df200000] [id=15036]
  0x00000252ce12f610 WorkerThread "GC Thread#4" [stack: 0x00000081df200000,0x00000081df300000] [id=15424]
  0x00000252ce1d0f70 WorkerThread "GC Thread#5" [stack: 0x00000081df300000,0x00000081df400000] [id=17348]
  0x00000252ce1d1690 WorkerThread "GC Thread#6" [stack: 0x00000081df400000,0x00000081df500000] [id=18200]
  0x00000252ce1d4160 WorkerThread "GC Thread#7" [stack: 0x00000081df500000,0x00000081df600000] [id=18460]
  0x00000252a8d300d0 ConcurrentGCThread "G1 Main Marker" [stack: 0x00000081ddc00000,0x00000081ddd00000] [id=14688]
  0x00000252a8d32270 WorkerThread "G1 Conc#0" [stack: 0x00000081ddd00000,0x00000081dde00000] [id=20580]
  0x00000252a8d7e250 ConcurrentGCThread "G1 Refine#0" [stack: 0x00000081dde00000,0x00000081ddf00000] [id=13924]
  0x00000252ce1c36a0 ConcurrentGCThread "G1 Refine#1" [stack: 0x00000081df700000,0x00000081df800000] [id=18912]
  0x00000252ce3d0ef0 ConcurrentGCThread "G1 Refine#2" [stack: 0x00000081df800000,0x00000081df900000] [id=18220]
  0x00000252ce373b60 ConcurrentGCThread "G1 Refine#3" [stack: 0x00000081df900000,0x00000081dfa00000] [id=18204]
  0x00000252a8d7eb60 ConcurrentGCThread "G1 Service" [stack: 0x00000081ddf00000,0x00000081de000000] [id=7968]

Threads with active compile tasks:
C2 CompilerThread1     1639 2104 %     4       java.util.Arrays::fill @ 5 (21 bytes)
C2 CompilerThread2     1639 2062       4       java.lang.invoke.MethodType::makeImpl (109 bytes)

VM state: not at safepoint (normal execution)

VM Mutex/Monitor currently owned by a thread: None

Heap address: 0x0000000082800000, size: 2008 MB, Compressed Oops mode: 32-bit

CDS archive(s) mapped at: [0x0000000800000000-0x0000000800ba0000-0x0000000800ba0000), size 12189696, SharedBaseAddress: 0x0000000800000000, ArchiveRelocationMode: 0.
Compressed class space mapped at: 0x0000000800c00000-0x0000000840c00000, reserved size: 1073741824
Narrow klass base: 0x0000000800000000, Narrow klass shift: 0, Narrow klass range: 0x100000000

GC Precious Log:
 CardTable entry size: 512
 Card Set container configuration: InlinePtr #cards 5 size 8 Array Of Cards #cards 12 size 40 Howl #buckets 4 coarsen threshold 1843 Howl Bitmap #cards 512 size 80 coarsen threshold 460 Card regions per heap region 1 cards per card region 2048
 CPUs: 8 total, 8 available
 Memory: 8029M
 Large Page Support: Disabled
 NUMA Support: Disabled
 Compressed Oops: Enabled (32-bit)
 Heap Region Size: 1M
 Heap Min Capacity: 8M
 Heap Initial Capacity: 126M
 Heap Max Capacity: 2008M
 Pre-touch: Disabled
 Parallel Workers: 8
 Concurrent Workers: 2
 Concurrent Refinement Workers: 8
 Periodic GC: Disabled

Heap:
 garbage-first heap   total 129024K, used 19528K [0x0000000082800000, 0x0000000100000000)
  region size 1024K, 11 young (11264K), 4 survivors (4096K)
 Metaspace       used 12690K, committed 12992K, reserved 1114112K
  class space    used 1409K, committed 1536K, reserved 1048576K

Heap Regions: E=young(eden), S=young(survivor), O=old, HS=humongous(starts), HC=humongous(continues), CS=collection set, F=free, OA=open archive, CA=closed archive, TAMS=top-at-mark-start (previous, next)
|   0|0x0000000082800000, 0x0000000082900000, 0x0000000082900000|100%| O|  |TAMS 0x0000000082800000, 0x0000000082800000| Untracked 
|   1|0x0000000082900000, 0x0000000082a00000, 0x0000000082a00000|100%| O|  |TAMS 0x0000000082900000, 0x0000000082900000| Untracked 
|   2|0x0000000082a00000, 0x0000000082b00000, 0x0000000082b00000|100%| O|  |TAMS 0x0000000082a00000, 0x0000000082a00000| Untracked 
|   3|0x0000000082b00000, 0x0000000082c00000, 0x0000000082c00000|100%| O|  |TAMS 0x0000000082b00000, 0x0000000082b00000| Untracked 
|   4|0x0000000082c00000, 0x0000000082d00000, 0x0000000082d00000|100%| O|  |TAMS 0x0000000082c00000, 0x0000000082c00000| Untracked 
|   5|0x0000000082d00000, 0x0000000082e00000, 0x0000000082e00000|100%| O|  |TAMS 0x0000000082d00000, 0x0000000082d00000| Untracked 
|   6|0x0000000082e00000, 0x0000000082f00000, 0x0000000082f00000|100%| O|  |TAMS 0x0000000082e00000, 0x0000000082e00000| Untracked 
|   7|0x0000000082f00000, 0x0000000083000000, 0x0000000083000000|100%| O|  |TAMS 0x0000000082f00000, 0x0000000082f00000| Untracked 
|   8|0x0000000083000000, 0x0000000083100000, 0x0000000083100000|100%| O|  |TAMS 0x0000000083000000, 0x0000000083000000| Untracked 
|   9|0x0000000083100000, 0x0000000083112200, 0x0000000083200000|  7%| O|  |TAMS 0x0000000083100000, 0x0000000083100000| Untracked 
|  10|0x0000000083200000, 0x0000000083200000, 0x0000000083300000|  0%| F|  |TAMS 0x0000000083200000, 0x0000000083200000| Untracked 
|  11|0x0000000083300000, 0x0000000083300000, 0x0000000083400000|  0%| F|  |TAMS 0x0000000083300000, 0x0000000083300000| Untracked 
|  12|0x0000000083400000, 0x0000000083400000, 0x0000000083500000|  0%| F|  |TAMS 0x0000000083400000, 0x0000000083400000| Untracked 
|  13|0x0000000083500000, 0x0000000083500000, 0x0000000083600000|  0%| F|  |TAMS 0x0000000083500000, 0x0000000083500000| Untracked 
|  14|0x0000000083600000, 0x0000000083600000, 0x0000000083700000|  0%| F|  |TAMS 0x0000000083600000, 0x0000000083600000| Untracked 
|  15|0x0000000083700000, 0x0000000083700000, 0x0000000083800000|  0%| F|  |TAMS 0x0000000083700000, 0x0000000083700000| Untracked 
|  16|0x0000000083800000, 0x0000000083800000, 0x0000000083900000|  0%| F|  |TAMS 0x0000000083800000, 0x0000000083800000| Untracked 
|  17|0x0000000083900000, 0x0000000083900000, 0x0000000083a00000|  0%| F|  |TAMS 0x0000000083900000, 0x0000000083900000| Untracked 
|  18|0x0000000083a00000, 0x0000000083a00000, 0x0000000083b00000|  0%| F|  |TAMS 0x0000000083a00000, 0x0000000083a00000| Untracked 
|  19|0x0000000083b00000, 0x0000000083b00000, 0x0000000083c00000|  0%| F|  |TAMS 0x0000000083b00000, 0x0000000083b00000| Untracked 
|  20|0x0000000083c00000, 0x0000000083c00000, 0x0000000083d00000|  0%| F|  |TAMS 0x0000000083c00000, 0x0000000083c00000| Untracked 
|  21|0x0000000083d00000, 0x0000000083d00000, 0x0000000083e00000|  0%| F|  |TAMS 0x0000000083d00000, 0x0000000083d00000| Untracked 
|  22|0x0000000083e00000, 0x0000000083e00000, 0x0000000083f00000|  0%| F|  |TAMS 0x0000000083e00000, 0x0000000083e00000| Untracked 
|  23|0x0000000083f00000, 0x0000000083f00000, 0x0000000084000000|  0%| F|  |TAMS 0x0000000083f00000, 0x0000000083f00000| Untracked 
|  24|0x0000000084000000, 0x0000000084000000, 0x0000000084100000|  0%| F|  |TAMS 0x0000000084000000, 0x0000000084000000| Untracked 
|  25|0x0000000084100000, 0x0000000084100000, 0x0000000084200000|  0%| F|  |TAMS 0x0000000084100000, 0x0000000084100000| Untracked 
|  26|0x0000000084200000, 0x0000000084200000, 0x0000000084300000|  0%| F|  |TAMS 0x0000000084200000, 0x0000000084200000| Untracked 
|  27|0x0000000084300000, 0x0000000084300000, 0x0000000084400000|  0%| F|  |TAMS 0x0000000084300000, 0x0000000084300000| Untracked 
|  28|0x0000000084400000, 0x0000000084400000, 0x0000000084500000|  0%| F|  |TAMS 0x0000000084400000, 0x0000000084400000| Untracked 
|  29|0x0000000084500000, 0x0000000084500000, 0x0000000084600000|  0%| F|  |TAMS 0x0000000084500000, 0x0000000084500000| Untracked 
|  30|0x0000000084600000, 0x0000000084600000, 0x0000000084700000|  0%| F|  |TAMS 0x0000000084600000, 0x0000000084600000| Untracked 
|  31|0x0000000084700000, 0x0000000084700000, 0x0000000084800000|  0%| F|  |TAMS 0x0000000084700000, 0x0000000084700000| Untracked 
|  32|0x0000000084800000, 0x0000000084800000, 0x0000000084900000|  0%| F|  |TAMS 0x0000000084800000, 0x0000000084800000| Untracked 
|  33|0x0000000084900000, 0x0000000084900000, 0x0000000084a00000|  0%| F|  |TAMS 0x0000000084900000, 0x0000000084900000| Untracked 
|  34|0x0000000084a00000, 0x0000000084a00000, 0x0000000084b00000|  0%| F|  |TAMS 0x0000000084a00000, 0x0000000084a00000| Untracked 
|  35|0x0000000084b00000, 0x0000000084b00000, 0x0000000084c00000|  0%| F|  |TAMS 0x0000000084b00000, 0x0000000084b00000| Untracked 
|  36|0x0000000084c00000, 0x0000000084c00000, 0x0000000084d00000|  0%| F|  |TAMS 0x0000000084c00000, 0x0000000084c00000| Untracked 
|  37|0x0000000084d00000, 0x0000000084d00000, 0x0000000084e00000|  0%| F|  |TAMS 0x0000000084d00000, 0x0000000084d00000| Untracked 
|  38|0x0000000084e00000, 0x0000000084e00000, 0x0000000084f00000|  0%| F|  |TAMS 0x0000000084e00000, 0x0000000084e00000| Untracked 
|  39|0x0000000084f00000, 0x0000000084f00000, 0x0000000085000000|  0%| F|  |TAMS 0x0000000084f00000, 0x0000000084f00000| Untracked 
|  40|0x0000000085000000, 0x0000000085000000, 0x0000000085100000|  0%| F|  |TAMS 0x0000000085000000, 0x0000000085000000| Untracked 
|  41|0x0000000085100000, 0x0000000085100000, 0x0000000085200000|  0%| F|  |TAMS 0x0000000085100000, 0x0000000085100000| Untracked 
|  42|0x0000000085200000, 0x0000000085200000, 0x0000000085300000|  0%| F|  |TAMS 0x0000000085200000, 0x0000000085200000| Untracked 
|  43|0x0000000085300000, 0x0000000085300000, 0x0000000085400000|  0%| F|  |TAMS 0x0000000085300000, 0x0000000085300000| Untracked 
|  44|0x0000000085400000, 0x0000000085400000, 0x0000000085500000|  0%| F|  |TAMS 0x0000000085400000, 0x0000000085400000| Untracked 
|  45|0x0000000085500000, 0x0000000085500000, 0x0000000085600000|  0%| F|  |TAMS 0x0000000085500000, 0x0000000085500000| Untracked 
|  46|0x0000000085600000, 0x0000000085600000, 0x0000000085700000|  0%| F|  |TAMS 0x0000000085600000, 0x0000000085600000| Untracked 
|  47|0x0000000085700000, 0x0000000085700000, 0x0000000085800000|  0%| F|  |TAMS 0x0000000085700000, 0x0000000085700000| Untracked 
|  48|0x0000000085800000, 0x0000000085800000, 0x0000000085900000|  0%| F|  |TAMS 0x0000000085800000, 0x0000000085800000| Untracked 
|  49|0x0000000085900000, 0x0000000085900000, 0x0000000085a00000|  0%| F|  |TAMS 0x0000000085900000, 0x0000000085900000| Untracked 
|  50|0x0000000085a00000, 0x0000000085a00000, 0x0000000085b00000|  0%| F|  |TAMS 0x0000000085a00000, 0x0000000085a00000| Untracked 
|  51|0x0000000085b00000, 0x0000000085b00000, 0x0000000085c00000|  0%| F|  |TAMS 0x0000000085b00000, 0x0000000085b00000| Untracked 
|  52|0x0000000085c00000, 0x0000000085c00000, 0x0000000085d00000|  0%| F|  |TAMS 0x0000000085c00000, 0x0000000085c00000| Untracked 
|  53|0x0000000085d00000, 0x0000000085d00000, 0x0000000085e00000|  0%| F|  |TAMS 0x0000000085d00000, 0x0000000085d00000| Untracked 
|  54|0x0000000085e00000, 0x0000000085e00000, 0x0000000085f00000|  0%| F|  |TAMS 0x0000000085e00000, 0x0000000085e00000| Untracked 
|  55|0x0000000085f00000, 0x0000000085f00000, 0x0000000086000000|  0%| F|  |TAMS 0x0000000085f00000, 0x0000000085f00000| Untracked 
|  56|0x0000000086000000, 0x0000000086000000, 0x0000000086100000|  0%| F|  |TAMS 0x0000000086000000, 0x0000000086000000| Untracked 
|  57|0x0000000086100000, 0x0000000086100000, 0x0000000086200000|  0%| F|  |TAMS 0x0000000086100000, 0x0000000086100000| Untracked 
|  58|0x0000000086200000, 0x0000000086200000, 0x0000000086300000|  0%| F|  |TAMS 0x0000000086200000, 0x0000000086200000| Untracked 
|  59|0x0000000086300000, 0x0000000086300000, 0x0000000086400000|  0%| F|  |TAMS 0x0000000086300000, 0x0000000086300000| Untracked 
|  60|0x0000000086400000, 0x0000000086400000, 0x0000000086500000|  0%| F|  |TAMS 0x0000000086400000, 0x0000000086400000| Untracked 
|  61|0x0000000086500000, 0x0000000086500000, 0x0000000086600000|  0%| F|  |TAMS 0x0000000086500000, 0x0000000086500000| Untracked 
|  62|0x0000000086600000, 0x0000000086600000, 0x0000000086700000|  0%| F|  |TAMS 0x0000000086600000, 0x0000000086600000| Untracked 
|  63|0x0000000086700000, 0x0000000086700000, 0x0000000086800000|  0%| F|  |TAMS 0x0000000086700000, 0x0000000086700000| Untracked 
|  64|0x0000000086800000, 0x0000000086800000, 0x0000000086900000|  0%| F|  |TAMS 0x0000000086800000, 0x0000000086800000| Untracked 
|  65|0x0000000086900000, 0x0000000086900000, 0x0000000086a00000|  0%| F|  |TAMS 0x0000000086900000, 0x0000000086900000| Untracked 
|  66|0x0000000086a00000, 0x0000000086a00000, 0x0000000086b00000|  0%| F|  |TAMS 0x0000000086a00000, 0x0000000086a00000| Untracked 
|  67|0x0000000086b00000, 0x0000000086b00000, 0x0000000086c00000|  0%| F|  |TAMS 0x0000000086b00000, 0x0000000086b00000| Untracked 
|  68|0x0000000086c00000, 0x0000000086c00000, 0x0000000086d00000|  0%| F|  |TAMS 0x0000000086c00000, 0x0000000086c00000| Untracked 
|  69|0x0000000086d00000, 0x0000000086d00000, 0x0000000086e00000|  0%| F|  |TAMS 0x0000000086d00000, 0x0000000086d00000| Untracked 
|  70|0x0000000086e00000, 0x0000000086e00000, 0x0000000086f00000|  0%| F|  |TAMS 0x0000000086e00000, 0x0000000086e00000| Untracked 
|  71|0x0000000086f00000, 0x0000000086f00000, 0x0000000087000000|  0%| F|  |TAMS 0x0000000086f00000, 0x0000000086f00000| Untracked 
|  72|0x0000000087000000, 0x0000000087000000, 0x0000000087100000|  0%| F|  |TAMS 0x0000000087000000, 0x0000000087000000| Untracked 
|  73|0x0000000087100000, 0x0000000087100000, 0x0000000087200000|  0%| F|  |TAMS 0x0000000087100000, 0x0000000087100000| Untracked 
|  74|0x0000000087200000, 0x0000000087200000, 0x0000000087300000|  0%| F|  |TAMS 0x0000000087200000, 0x0000000087200000| Untracked 
|  75|0x0000000087300000, 0x0000000087300000, 0x0000000087400000|  0%| F|  |TAMS 0x0000000087300000, 0x0000000087300000| Untracked 
|  76|0x0000000087400000, 0x0000000087400000, 0x0000000087500000|  0%| F|  |TAMS 0x0000000087400000, 0x0000000087400000| Untracked 
|  77|0x0000000087500000, 0x0000000087500000, 0x0000000087600000|  0%| F|  |TAMS 0x0000000087500000, 0x0000000087500000| Untracked 
|  78|0x0000000087600000, 0x0000000087600000, 0x0000000087700000|  0%| F|  |TAMS 0x0000000087600000, 0x0000000087600000| Untracked 
|  79|0x0000000087700000, 0x0000000087700000, 0x0000000087800000|  0%| F|  |TAMS 0x0000000087700000, 0x0000000087700000| Untracked 
|  80|0x0000000087800000, 0x0000000087800000, 0x0000000087900000|  0%| F|  |TAMS 0x0000000087800000, 0x0000000087800000| Untracked 
|  81|0x0000000087900000, 0x0000000087900000, 0x0000000087a00000|  0%| F|  |TAMS 0x0000000087900000, 0x0000000087900000| Untracked 
|  82|0x0000000087a00000, 0x0000000087a00000, 0x0000000087b00000|  0%| F|  |TAMS 0x0000000087a00000, 0x0000000087a00000| Untracked 
|  83|0x0000000087b00000, 0x0000000087b00000, 0x0000000087c00000|  0%| F|  |TAMS 0x0000000087b00000, 0x0000000087b00000| Untracked 
|  84|0x0000000087c00000, 0x0000000087c00000, 0x0000000087d00000|  0%| F|  |TAMS 0x0000000087c00000, 0x0000000087c00000| Untracked 
|  85|0x0000000087d00000, 0x0000000087d00000, 0x0000000087e00000|  0%| F|  |TAMS 0x0000000087d00000, 0x0000000087d00000| Untracked 
|  86|0x0000000087e00000, 0x0000000087e00000, 0x0000000087f00000|  0%| F|  |TAMS 0x0000000087e00000, 0x0000000087e00000| Untracked 
|  87|0x0000000087f00000, 0x0000000087f00000, 0x0000000088000000|  0%| F|  |TAMS 0x0000000087f00000, 0x0000000087f00000| Untracked 
|  88|0x0000000088000000, 0x0000000088000000, 0x0000000088100000|  0%| F|  |TAMS 0x0000000088000000, 0x0000000088000000| Untracked 
|  89|0x0000000088100000, 0x0000000088100000, 0x0000000088200000|  0%| F|  |TAMS 0x0000000088100000, 0x0000000088100000| Untracked 
|  90|0x0000000088200000, 0x0000000088200000, 0x0000000088300000|  0%| F|  |TAMS 0x0000000088200000, 0x0000000088200000| Untracked 
|  91|0x0000000088300000, 0x0000000088400000, 0x0000000088400000|100%| S|CS|TAMS 0x0000000088300000, 0x0000000088300000| Complete 
|  92|0x0000000088400000, 0x0000000088500000, 0x0000000088500000|100%| S|CS|TAMS 0x0000000088400000, 0x0000000088400000| Complete 
|  93|0x0000000088500000, 0x0000000088600000, 0x0000000088600000|100%| S|CS|TAMS 0x0000000088500000, 0x0000000088500000| Complete 
|  94|0x0000000088600000, 0x0000000088700000, 0x0000000088700000|100%| S|CS|TAMS 0x0000000088600000, 0x0000000088600000| Complete 
|  95|0x0000000088700000, 0x0000000088700000, 0x0000000088800000|  0%| F|  |TAMS 0x0000000088700000, 0x0000000088700000| Untracked 
|  96|0x0000000088800000, 0x0000000088800000, 0x0000000088900000|  0%| F|  |TAMS 0x0000000088800000, 0x0000000088800000| Untracked 
|  97|0x0000000088900000, 0x0000000088900000, 0x0000000088a00000|  0%| F|  |TAMS 0x0000000088900000, 0x0000000088900000| Untracked 
|  98|0x0000000088a00000, 0x0000000088a00000, 0x0000000088b00000|  0%| F|  |TAMS 0x0000000088a00000, 0x0000000088a00000| Untracked 
|  99|0x0000000088b00000, 0x0000000088b00000, 0x0000000088c00000|  0%| F|  |TAMS 0x0000000088b00000, 0x0000000088b00000| Untracked 
| 100|0x0000000088c00000, 0x0000000088c00000, 0x0000000088d00000|  0%| F|  |TAMS 0x0000000088c00000, 0x0000000088c00000| Untracked 
| 101|0x0000000088d00000, 0x0000000088d00000, 0x0000000088e00000|  0%| F|  |TAMS 0x0000000088d00000, 0x0000000088d00000| Untracked 
| 102|0x0000000088e00000, 0x0000000088e00000, 0x0000000088f00000|  0%| F|  |TAMS 0x0000000088e00000, 0x0000000088e00000| Untracked 
| 103|0x0000000088f00000, 0x0000000088f00000, 0x0000000089000000|  0%| F|  |TAMS 0x0000000088f00000, 0x0000000088f00000| Untracked 
| 104|0x0000000089000000, 0x0000000089000000, 0x0000000089100000|  0%| F|  |TAMS 0x0000000089000000, 0x0000000089000000| Untracked 
| 105|0x0000000089100000, 0x0000000089100000, 0x0000000089200000|  0%| F|  |TAMS 0x0000000089100000, 0x0000000089100000| Untracked 
| 106|0x0000000089200000, 0x0000000089200000, 0x0000000089300000|  0%| F|  |TAMS 0x0000000089200000, 0x0000000089200000| Untracked 
| 107|0x0000000089300000, 0x0000000089300000, 0x0000000089400000|  0%| F|  |TAMS 0x0000000089300000, 0x0000000089300000| Untracked 
| 108|0x0000000089400000, 0x0000000089400000, 0x0000000089500000|  0%| F|  |TAMS 0x0000000089400000, 0x0000000089400000| Untracked 
| 109|0x0000000089500000, 0x0000000089500000, 0x0000000089600000|  0%| F|  |TAMS 0x0000000089500000, 0x0000000089500000| Untracked 
| 110|0x0000000089600000, 0x0000000089600000, 0x0000000089700000|  0%| F|  |TAMS 0x0000000089600000, 0x0000000089600000| Untracked 
| 111|0x0000000089700000, 0x0000000089700000, 0x0000000089800000|  0%| F|  |TAMS 0x0000000089700000, 0x0000000089700000| Untracked 
| 112|0x0000000089800000, 0x0000000089800000, 0x0000000089900000|  0%| F|  |TAMS 0x0000000089800000, 0x0000000089800000| Untracked 
| 113|0x0000000089900000, 0x0000000089900000, 0x0000000089a00000|  0%| F|  |TAMS 0x0000000089900000, 0x0000000089900000| Untracked 
| 114|0x0000000089a00000, 0x0000000089a00000, 0x0000000089b00000|  0%| F|  |TAMS 0x0000000089a00000, 0x0000000089a00000| Untracked 
| 115|0x0000000089b00000, 0x0000000089b00000, 0x0000000089c00000|  0%| F|  |TAMS 0x0000000089b00000, 0x0000000089b00000| Untracked 
| 116|0x0000000089c00000, 0x0000000089c00000, 0x0000000089d00000|  0%| F|  |TAMS 0x0000000089c00000, 0x0000000089c00000| Untracked 
| 117|0x0000000089d00000, 0x0000000089d00000, 0x0000000089e00000|  0%| F|  |TAMS 0x0000000089d00000, 0x0000000089d00000| Untracked 
| 118|0x0000000089e00000, 0x0000000089e819d0, 0x0000000089f00000| 50%| E|  |TAMS 0x0000000089e00000, 0x0000000089e00000| Complete 
| 119|0x0000000089f00000, 0x000000008a000000, 0x000000008a000000|100%| E|CS|TAMS 0x0000000089f00000, 0x0000000089f00000| Complete 
| 120|0x000000008a000000, 0x000000008a100000, 0x000000008a100000|100%| E|CS|TAMS 0x000000008a000000, 0x000000008a000000| Complete 
| 121|0x000000008a100000, 0x000000008a200000, 0x000000008a200000|100%| E|CS|TAMS 0x000000008a100000, 0x000000008a100000| Complete 
| 122|0x000000008a200000, 0x000000008a300000, 0x000000008a300000|100%| E|CS|TAMS 0x000000008a200000, 0x000000008a200000| Complete 
| 123|0x000000008a300000, 0x000000008a400000, 0x000000008a400000|100%| E|CS|TAMS 0x000000008a300000, 0x000000008a300000| Complete 
| 124|0x000000008a400000, 0x000000008a500000, 0x000000008a500000|100%| E|CS|TAMS 0x000000008a400000, 0x000000008a400000| Complete 
| 125|0x000000008a500000, 0x000000008a600000, 0x000000008a600000|100%| E|CS|TAMS 0x000000008a500000, 0x000000008a500000| Complete 

Card table byte_map: [0x00000252c1c40000,0x00000252c2030000] _byte_map_base: 0x00000252c182c000

Marking Bits (Prev, Next): (CMBitMap*) 0x00000252a8d1fca0, (CMBitMap*) 0x00000252a8d1fce0
 Prev Bits: [0x00000252c2420000, 0x00000252c4380000)
 Next Bits: [0x00000252c4380000, 0x00000252c62e0000)

Polling page: 0x00000252a8aa0000

Metaspace:

Usage:
  Non-class:     11.06 MB used.
      Class:      1.38 MB used.
       Both:     12.44 MB used.

Virtual space:
  Non-class space:       64.00 MB reserved,      11.19 MB ( 17%) committed,  1 nodes.
      Class space:        1.00 GB reserved,       1.50 MB ( <1%) committed,  1 nodes.
             Both:        1.06 GB reserved,      12.69 MB (  1%) committed. 

Chunk freelists:
   Non-Class:  384.00 KB
       Class:  2.38 MB
        Both:  2.75 MB

MaxMetaspaceSize: unlimited
CompressedClassSpaceSize: 1.00 GB
Initial GC threshold: 21.00 MB
Current GC threshold: 21.00 MB
CDS: on
MetaspaceReclaimPolicy: balanced
 - commit_granule_bytes: 65536.
 - commit_granule_words: 8192.
 - virtual_space_node_default_size: 8388608.
 - enlarge_chunks_in_place: 1.
 - new_chunks_are_fully_committed: 0.
 - uncommit_free_chunks: 1.
 - use_allocation_guard: 0.


Internal statistics:

num_allocs_failed_limit: 0.
num_arena_births: 270.
num_arena_deaths: 0.
num_vsnodes_births: 2.
num_vsnodes_deaths: 0.
num_space_committed: 203.
num_space_uncommitted: 0.
num_chunks_returned_to_freelist: 0.
num_chunks_taken_from_freelist: 558.
num_chunk_merges: 0.
num_chunk_splits: 354.
num_chunks_enlarged: 240.
num_inconsistent_stats: 0.

CodeHeap 'non-profiled nmethods': size=120000Kb used=821Kb max_used=821Kb free=119178Kb
 bounds [0x00000252b98c0000, 0x00000252b9b30000, 0x00000252c0df0000]
CodeHeap 'profiled nmethods': size=120000Kb used=4020Kb max_used=4020Kb free=115979Kb
 bounds [0x00000252b2390000, 0x00000252b2780000, 0x00000252b98c0000]
CodeHeap 'non-nmethods': size=5760Kb used=1224Kb max_used=1245Kb free=4535Kb
 bounds [0x00000252b1df0000, 0x00000252b2060000, 0x00000252b2390000]
 total_blobs=2620 nmethods=2104 adapters=428
 compilation: enabled
              stopped_count=0, restarted_count=0
 full_count=0

Compilation events (20 events):
Event: 1.594 Thread 0x00000252c8d8e670 nmethod 2089 0x00000252b2778110 code [0x00000252b2778320, 0x00000252b2778b38]
Event: 1.594 Thread 0x00000252c8d8e670 2090       3       java.lang.invoke.MethodHandleImpl::countNonNull (42 bytes)
Event: 1.594 Thread 0x00000252c8d8e670 nmethod 2090 0x00000252b2778f10 code [0x00000252b27790c0, 0x00000252b2779318]
Event: 1.594 Thread 0x00000252c8d8e670 2093       1       java.util.zip.ZipEntry::getName (5 bytes)
Event: 1.594 Thread 0x00000252c8d8e670 nmethod 2093 0x00000252b9989b10 code [0x00000252b9989ca0, 0x00000252b9989d78]
Event: 1.594 Thread 0x00000252c8d8e670 2086       3       java.lang.invoke.MethodHandle::asTypeUncached (54 bytes)
Event: 1.595 Thread 0x00000252c8d8e670 nmethod 2086 0x00000252b2779410 code [0x00000252b27796e0, 0x00000252b277a1f8]
Event: 1.595 Thread 0x00000252c8d8e670 2087       3       java.lang.invoke.MethodType::isConvertibleTo (164 bytes)
Event: 1.595 Thread 0x00000252c8d8e670 nmethod 2087 0x00000252b277a690 code [0x00000252b277a8e0, 0x00000252b277b268]
Event: 1.595 Thread 0x00000252c8d8e670 2088       3       java.lang.invoke.MethodHandleImpl::makePairwiseConvert (8 bytes)
Event: 1.595 Thread 0x00000252c8d8e670 nmethod 2088 0x00000252b277b510 code [0x00000252b277b6a0, 0x00000252b277b7c8]
Event: 1.595 Thread 0x00000252c8d8e670 2092       1       java.net.URLConnection::getUseCaches (5 bytes)
Event: 1.595 Thread 0x00000252c8d8e670 nmethod 2092 0x00000252b9989e10 code [0x00000252b9989fa0, 0x00000252b998a078]
Event: 1.599 Thread 0x00000252c8d62d40 2094       4       java.lang.StringLatin1::compareToCI (108 bytes)
Event: 1.600 Thread 0x00000252cd2856a0 2095       4       java.util.Properties$LineReader::readLine (584 bytes)
Event: 1.601 Thread 0x00000252c8d8e670 2096       3       jdk.internal.loader.BuiltinClassLoader::hasClassPath (13 bytes)
Event: 1.601 Thread 0x00000252c8d8e670 nmethod 2096 0x00000252b277b890 code [0x00000252b277ba20, 0x00000252b277bb98]
Event: 1.604 Thread 0x00000252c8d8e670 2097       3       java.util.concurrent.ConcurrentHashMap::tableSizeFor (32 bytes)
Event: 1.604 Thread 0x00000252c8d8e670 nmethod 2097 0x00000252b277bc10 code [0x00000252b277bdc0, 0x00000252b277bfe8]
Event: 1.606 Thread 0x00000252c8d62d40 nmethod 2094 0x00000252b998a110 code [0x00000252b998a2c0, 0x00000252b998a798]

GC Heap History (4 events):
Event: 0.967 GC heap before
{Heap before GC invocations=0 (full 0):
 garbage-first heap   total 129024K, used 22528K [0x0000000082800000, 0x0000000100000000)
  region size 1024K, 23 young (23552K), 0 survivors (0K)
 Metaspace       used 7453K, committed 7680K, reserved 1114112K
  class space    used 830K, committed 960K, reserved 1048576K
}
Event: 0.974 GC heap after
{Heap after GC invocations=1 (full 0):
 garbage-first heap   total 129024K, used 6315K [0x0000000082800000, 0x0000000100000000)
  region size 1024K, 3 young (3072K), 3 survivors (3072K)
 Metaspace       used 7453K, committed 7680K, reserved 1114112K
  class space    used 830K, committed 960K, reserved 1048576K
}
Event: 1.439 GC heap before
{Heap before GC invocations=1 (full 0):
 garbage-first heap   total 129024K, used 34987K [0x0000000082800000, 0x0000000100000000)
  region size 1024K, 31 young (31744K), 3 survivors (3072K)
 Metaspace       used 10881K, committed 11136K, reserved 1114112K
  class space    used 1169K, committed 1280K, reserved 1048576K
}
Event: 1.454 GC heap after
{Heap after GC invocations=2 (full 0):
 garbage-first heap   total 129024K, used 13384K [0x0000000082800000, 0x0000000100000000)
  region size 1024K, 4 young (4096K), 4 survivors (4096K)
 Metaspace       used 10881K, committed 11136K, reserved 1114112K
  class space    used 1169K, committed 1280K, reserved 1048576K
}

Deoptimization events (20 events):
Event: 1.520 Thread 0x00000252a8cc4910 Uncommon trap: trap_request=0xffffffc6 fr.pc=0x00000252b995aeb8 relative=0x0000000000000098
Event: 1.520 Thread 0x00000252a8cc4910 Uncommon trap: reason=bimorphic_or_optimized_type_check action=maybe_recompile pc=0x00000252b995aeb8 method=java.util.Collections$UnmodifiableCollection$1.hasNext()Z @ 4 c2
Event: 1.520 Thread 0x00000252a8cc4910 DEOPT PACKING pc=0x00000252b995aeb8 sp=0x00000081ddafdd10
Event: 1.520 Thread 0x00000252a8cc4910 DEOPT UNPACKING pc=0x00000252b1e423a3 sp=0x00000081ddafdca0 mode 2
Event: 1.520 Thread 0x00000252a8cc4910 Uncommon trap: trap_request=0xffffffde fr.pc=0x00000252b995b280 relative=0x00000000000000e0
Event: 1.520 Thread 0x00000252a8cc4910 Uncommon trap: reason=class_check action=maybe_recompile pc=0x00000252b995b280 method=java.util.Collections$UnmodifiableCollection$1.next()Ljava/lang/Object; @ 4 c2
Event: 1.520 Thread 0x00000252a8cc4910 DEOPT PACKING pc=0x00000252b995b280 sp=0x00000081ddafdcf0
Event: 1.520 Thread 0x00000252a8cc4910 DEOPT UNPACKING pc=0x00000252b1e423a3 sp=0x00000081ddafdca0 mode 2
Event: 1.520 Thread 0x00000252a8cc4910 Uncommon trap: trap_request=0xffffffc6 fr.pc=0x00000252b995aeb8 relative=0x0000000000000098
Event: 1.520 Thread 0x00000252a8cc4910 Uncommon trap: reason=bimorphic_or_optimized_type_check action=maybe_recompile pc=0x00000252b995aeb8 method=java.util.Collections$UnmodifiableCollection$1.hasNext()Z @ 4 c2
Event: 1.520 Thread 0x00000252a8cc4910 DEOPT PACKING pc=0x00000252b995aeb8 sp=0x00000081ddafdd10
Event: 1.520 Thread 0x00000252a8cc4910 DEOPT UNPACKING pc=0x00000252b1e423a3 sp=0x00000081ddafdca0 mode 2
Event: 1.520 Thread 0x00000252a8cc4910 Uncommon trap: trap_request=0xffffffde fr.pc=0x00000252b995b280 relative=0x00000000000000e0
Event: 1.520 Thread 0x00000252a8cc4910 Uncommon trap: reason=class_check action=maybe_recompile pc=0x00000252b995b280 method=java.util.Collections$UnmodifiableCollection$1.next()Ljava/lang/Object; @ 4 c2
Event: 1.520 Thread 0x00000252a8cc4910 DEOPT PACKING pc=0x00000252b995b280 sp=0x00000081ddafdcf0
Event: 1.520 Thread 0x00000252a8cc4910 DEOPT UNPACKING pc=0x00000252b1e423a3 sp=0x00000081ddafdca0 mode 2
Event: 1.566 Thread 0x00000252a8cc4910 Uncommon trap: trap_request=0xffffff45 fr.pc=0x00000252b995dc04 relative=0x0000000000000b84
Event: 1.566 Thread 0x00000252a8cc4910 Uncommon trap: reason=unstable_if action=reinterpret pc=0x00000252b995dc04 method=java.io.BufferedReader.readLine(Z[Z)Ljava/lang/String; @ 63 c2
Event: 1.566 Thread 0x00000252a8cc4910 DEOPT PACKING pc=0x00000252b995dc04 sp=0x00000081ddafc8f0
Event: 1.566 Thread 0x00000252a8cc4910 DEOPT UNPACKING pc=0x00000252b1e423a3 sp=0x00000081ddafc888 mode 2

Classes loaded (20 events):
Event: 1.517 Loading class sun/net/InetAddressCachePolicy$2
Event: 1.518 Loading class sun/net/InetAddressCachePolicy$2 done
Event: 1.518 Loading class java/net/InetAddress$CachedAddresses
Event: 1.518 Loading class java/net/InetAddress$CachedAddresses done
Event: 1.518 Loading class java/util/concurrent/atomic/Striped64$1
Event: 1.518 Loading class java/util/concurrent/atomic/Striped64$1 done
Event: 1.519 Loading class java/lang/ProcessEnvironment$CheckedKeySet
Event: 1.519 Loading class java/lang/ProcessEnvironment$CheckedKeySet done
Event: 1.523 Loading class java/util/concurrent/Executors
Event: 1.523 Loading class java/util/concurrent/Executors done
Event: 1.524 Loading class java/util/concurrent/ThreadPoolExecutor
Event: 1.524 Loading class java/util/concurrent/ThreadPoolExecutor done
Event: 1.524 Loading class java/util/concurrent/ThreadPoolExecutor$AbortPolicy
Event: 1.524 Loading class java/util/concurrent/RejectedExecutionHandler
Event: 1.524 Loading class java/util/concurrent/RejectedExecutionHandler done
Event: 1.524 Loading class java/util/concurrent/ThreadPoolExecutor$AbortPolicy done
Event: 1.551 Loading class java/io/InvalidObjectException
Event: 1.551 Loading class java/io/ObjectStreamException
Event: 1.551 Loading class java/io/ObjectStreamException done
Event: 1.551 Loading class java/io/InvalidObjectException done

Classes unloaded (0 events):
No events

Classes redefined (0 events):
No events

Internal exceptions (20 events):
Event: 0.705 Thread 0x00000252a8cc4910 Exception <a 'java/lang/NoSuchMethodError'{0x00000000896987d0}: 'java.lang.Object java.lang.invoke.DirectMethodHandle$Holder.newInvokeSpecial(java.lang.Object, java.lang.Object, java.lang.Object, java.lang.Object, java.lang.Object, java.lang.Object, java.lang.Object, java.lang.Object, java.lang.Object)'> (0x00000000896987d0) 
thrown [s\open\src\hotspot\share\interpreter\linkResolver.cpp, line 759]
Event: 0.705 Thread 0x00000252a8cc4910 Exception <a 'java/lang/NoSuchMethodError'{0x000000008969db30}: 'java.lang.Object java.lang.invoke.Invokers$Holder.linkToTargetMethod(java.lang.Object, java.lang.Object, java.lang.Object, java.lang.Object, java.lang.Object, java.lang.Object, java.lang.Object, java.lang.Object, java.lang.Object)'> (0x000000008969db30) 
thrown [s\open\src\hotspot\share\interpreter\linkResolver.cpp, line 759]
Event: 0.718 Thread 0x00000252a8cc4910 Exception <a 'java/lang/NoSuchMethodError'{0x00000000896e7408}: 'java.lang.Object java.lang.invoke.DirectMethodHandle$Holder.newInvokeSpecial(java.lang.Object, java.lang.Object, java.lang.Object, java.lang.Object, java.lang.Object, java.lang.Object, java.lang.Object)'> (0x00000000896e7408) 
thrown [s\open\src\hotspot\share\interpreter\linkResolver.cpp, line 759]
Event: 0.718 Thread 0x00000252a8cc4910 Exception <a 'java/lang/NoSuchMethodError'{0x00000000896ec078}: 'java.lang.Object java.lang.invoke.Invokers$Holder.linkToTargetMethod(java.lang.Object, java.lang.Object, java.lang.Object, java.lang.Object, java.lang.Object, java.lang.Object, java.lang.Object)'> (0x00000000896ec078) 
thrown [s\open\src\hotspot\share\interpreter\linkResolver.cpp, line 759]
Event: 0.720 Thread 0x00000252a8cc4910 Exception <a 'java/lang/NoSuchMethodError'{0x00000000896f54e0}: 'void java.lang.invoke.DirectMethodHandle$Holder.invokeStatic(java.lang.Object, java.lang.Object, java.lang.Object, java.lang.Object)'> (0x00000000896f54e0) 
thrown [s\open\src\hotspot\share\interpreter\linkResolver.cpp, line 759]
Event: 0.732 Thread 0x00000252a8cc4910 Exception <a 'java/lang/NoSuchMethodError'{0x000000008953c380}: 'java.lang.Object java.lang.invoke.DirectMethodHandle$Holder.newInvokeSpecial(java.lang.Object, java.lang.Object, java.lang.Object, java.lang.Object, java.lang.Object)'> (0x000000008953c380) 
thrown [s\open\src\hotspot\share\interpreter\linkResolver.cpp, line 759]
Event: 0.737 Thread 0x00000252a8cc4910 Exception <a 'java/lang/NoSuchMethodError'{0x00000000895688d0}: 'int java.lang.invoke.DirectMethodHandle$Holder.invokeSpecial(java.lang.Object, java.lang.Object, java.lang.Object)'> (0x00000000895688d0) 
thrown [s\open\src\hotspot\share\interpreter\linkResolver.cpp, line 759]
Event: 0.753 Thread 0x00000252a8cc4910 Exception <a 'java/lang/IncompatibleClassChangeError'{0x00000000895f87a8}: Found class java.lang.Object, but interface was expected> (0x00000000895f87a8) 
thrown [s\open\src\hotspot\share\interpreter\linkResolver.cpp, line 826]
Event: 0.767 Thread 0x00000252a8cc4910 Exception <a 'java/lang/NoSuchMethodError'{0x0000000089467cf8}: 'java.lang.Object java.lang.invoke.Invokers$Holder.linkToTargetMethod(java.lang.Object, long, java.lang.Object)'> (0x0000000089467cf8) 
thrown [s\open\src\hotspot\share\interpreter\linkResolver.cpp, line 759]
Event: 0.769 Thread 0x00000252a8cc4910 Exception <a 'java/lang/NoSuchMethodError'{0x0000000089472260}: 'java.lang.Object java.lang.invoke.DirectMethodHandle$Holder.newInvokeSpecial(java.lang.Object, java.lang.Object, int, java.lang.Object, java.lang.Object)'> (0x0000000089472260) 
thrown [s\open\src\hotspot\share\interpreter\linkResolver.cpp, line 759]
Event: 0.777 Thread 0x00000252a8cc4910 Exception <a 'java/lang/NoSuchMethodError'{0x00000000894b89c0}: 'java.lang.Object java.lang.invoke.DirectMethodHandle$Holder.invokeStatic(java.lang.Object, java.lang.Object, java.lang.Object, int, java.lang.Object, java.lang.Object)'> (0x00000000894b89c0) 
thrown [s\open\src\hotspot\share\interpreter\linkResolver.cpp, line 759]
Event: 0.778 Thread 0x00000252a8cc4910 Exception <a 'java/lang/NoSuchMethodError'{0x00000000894c0ac8}: 'java.lang.Object java.lang.invoke.DirectMethodHandle$Holder.newInvokeSpecial(java.lang.Object, java.lang.Object, java.lang.Object, int, java.lang.Object)'> (0x00000000894c0ac8) 
thrown [s\open\src\hotspot\share\interpreter\linkResolver.cpp, line 759]
Event: 0.779 Thread 0x00000252a8cc4910 Exception <a 'java/lang/NoSuchMethodError'{0x00000000894c84a8}: 'java.lang.Object java.lang.invoke.Invokers$Holder.linkToTargetMethod(java.lang.Object, java.lang.Object, int, java.lang.Object, java.lang.Object)'> (0x00000000894c84a8) 
thrown [s\open\src\hotspot\share\interpreter\linkResolver.cpp, line 759]
Event: 0.793 Thread 0x00000252a8cc4910 Exception <a 'java/lang/NoSuchMethodError'{0x000000008930f748}: 'java.lang.Object java.lang.invoke.DirectMethodHandle$Holder.newInvokeSpecial(java.lang.Object, int, java.lang.Object)'> (0x000000008930f748) 
thrown [s\open\src\hotspot\share\interpreter\linkResolver.cpp, line 759]
Event: 0.839 Thread 0x00000252a8cc4910 Exception <a 'java/lang/NoSuchMethodError'{0x0000000089245588}: 'void java.lang.invoke.DirectMethodHandle$Holder.invokeInterface(java.lang.Object, java.lang.Object)'> (0x0000000089245588) 
thrown [s\open\src\hotspot\share\interpreter\linkResolver.cpp, line 759]
Event: 1.104 Thread 0x00000252a8cc4910 Exception <a 'sun/nio/fs/WindowsException'{0x0000000089f40ed8}> (0x0000000089f40ed8) 
thrown [s\open\src\hotspot\share\prims\jni.cpp, line 516]
Event: 1.121 Thread 0x00000252a8cc4910 Exception <a 'java/lang/NoSuchMethodError'{0x0000000089f620a8}: 'java.lang.Object java.lang.invoke.DirectMethodHandle$Holder.invokeStaticInit(java.lang.Object)'> (0x0000000089f620a8) 
thrown [s\open\src\hotspot\share\interpreter\linkResolver.cpp, line 759]
Event: 1.281 Thread 0x00000252a8cc4910 Exception <a 'java/lang/NoSuchMethodError'{0x00000000899824a8}: 'java.lang.Object java.lang.invoke.DirectMethodHandle$Holder.invokeVirtual(java.lang.Object, java.lang.Object, java.lang.Object)'> (0x00000000899824a8) 
thrown [s\open\src\hotspot\share\interpreter\linkResolver.cpp, line 759]
Event: 1.518 Thread 0x00000252a8cc4910 Exception <a 'java/net/SocketException'{0x000000008a4ecf90}: Socket is not connected: shutdown> (0x000000008a4ecf90) 
thrown [s\open\src\hotspot\share\prims\jni.cpp, line 535]
Event: 1.586 Thread 0x00000252a8cc4910 Exception <a 'java/lang/NoSuchMethodError'{0x000000008a0016d8}: 'void java.lang.invoke.DirectMethodHandle$Holder.invokeStaticInit(java.lang.Object, java.lang.Object)'> (0x000000008a0016d8) 
thrown [s\open\src\hotspot\share\interpreter\linkResolver.cpp, line 759]

VM Operations (20 events):
Event: 0.805 Executing VM operation: HandshakeAllThreads
Event: 0.805 Executing VM operation: HandshakeAllThreads done
Event: 0.853 Executing VM operation: ICBufferFull
Event: 0.853 Executing VM operation: ICBufferFull done
Event: 0.875 Executing VM operation: HandshakeAllThreads
Event: 0.875 Executing VM operation: HandshakeAllThreads done
Event: 0.916 Executing VM operation: HandshakeAllThreads
Event: 0.916 Executing VM operation: HandshakeAllThreads done
Event: 0.946 Executing VM operation: HandshakeAllThreads
Event: 0.946 Executing VM operation: HandshakeAllThreads done
Event: 0.967 Executing VM operation: G1CollectForAllocation
Event: 0.974 Executing VM operation: G1CollectForAllocation done
Event: 0.978 Executing VM operation: HandshakeAllThreads
Event: 0.978 Executing VM operation: HandshakeAllThreads done
Event: 1.106 Executing VM operation: HandshakeAllThreads
Event: 1.106 Executing VM operation: HandshakeAllThreads done
Event: 1.313 Executing VM operation: HandshakeAllThreads
Event: 1.313 Executing VM operation: HandshakeAllThreads done
Event: 1.439 Executing VM operation: G1CollectForAllocation
Event: 1.454 Executing VM operation: G1CollectForAllocation done

Events (20 events):
Event: 0.035 Thread 0x00000252c8d5b590 Thread added: 0x00000252c8d5b590
Event: 0.035 Thread 0x00000252c8d5bf30 Thread added: 0x00000252c8d5bf30
Event: 0.035 Thread 0x00000252c8d5ca10 Thread added: 0x00000252c8d5ca10
Event: 0.035 Thread 0x00000252c8d62d40 Thread added: 0x00000252c8d62d40
Event: 0.035 Thread 0x00000252c8d8e670 Thread added: 0x00000252c8d8e670
Event: 0.035 Thread 0x00000252c8d8f350 Thread added: 0x00000252c8d8f350
Event: 0.126 Thread 0x00000252c8d29530 Thread added: 0x00000252c8d29530
Event: 0.149 Loaded shared library C:\Users\Pomogator\.jdks\openjdk-18.0.2\bin\zip.dll
Event: 0.153 Loaded shared library C:\Users\Pomogator\.jdks\openjdk-18.0.2\bin\instrument.dll
Event: 0.159 Loaded shared library C:\Users\Pomogator\.jdks\openjdk-18.0.2\bin\net.dll
Event: 0.161 Loaded shared library C:\Users\Pomogator\.jdks\openjdk-18.0.2\bin\nio.dll
Event: 0.166 Loaded shared library C:\Users\Pomogator\.jdks\openjdk-18.0.2\bin\zip.dll
Event: 0.177 Loaded shared library C:\Program Files\JetBrains\IntelliJ IDEA Community Edition 2022.2\bin\breakgen64.dll
Event: 0.179 Thread 0x00000252cd18f100 Thread added: 0x00000252cd18f100
Event: 0.179 Thread 0x00000252cd13a060 Thread added: 0x00000252cd13a060
Event: 0.222 Loaded shared library C:\Users\Pomogator\.jdks\openjdk-18.0.2\bin\verify.dll
Event: 0.227 Loaded shared library C:\Users\Pomogator\.jdks\openjdk-18.0.2\bin\jimage.dll
Event: 0.251 Thread 0x00000252cd2856a0 Thread added: 0x00000252cd2856a0
Event: 1.239 Thread 0x00000252ce277b50 Thread added: 0x00000252ce277b50
Event: 1.568 Thread 0x00000252ce418420 Thread added: 0x00000252ce418420


Dynamic libraries:
0x00007ff7dc150000 - 0x00007ff7dc15e000 	C:\Users\Pomogator\.jdks\openjdk-18.0.2\bin\java.exe
0x00007ffd50830000 - 0x00007ffd50a28000 	C:\Windows\SYSTEM32\ntdll.dll
0x00007ffd4f750000 - 0x00007ffd4f80d000 	C:\Windows\System32\KERNEL32.DLL
0x00007ffd4e2e0000 - 0x00007ffd4e5ae000 	C:\Windows\System32\KERNELBASE.dll
0x00007ffd4e0d0000 - 0x00007ffd4e1d0000 	C:\Windows\System32\ucrtbase.dll
0x00007ffd46490000 - 0x00007ffd464aa000 	C:\Users\Pomogator\.jdks\openjdk-18.0.2\bin\VCRUNTIME140.dll
0x00007ffd465d0000 - 0x00007ffd465e7000 	C:\Users\Pomogator\.jdks\openjdk-18.0.2\bin\jli.dll
0x00007ffd4eb90000 - 0x00007ffd4ed30000 	C:\Windows\System32\USER32.dll
0x00007ffd4e1d0000 - 0x00007ffd4e1f2000 	C:\Windows\System32\win32u.dll
0x00007ffd383f0000 - 0x00007ffd3868a000 	C:\Windows\WinSxS\amd64_microsoft.windows.common-controls_6595b64144ccf1df_6.0.19041.1110_none_60b5254171f9507e\COMCTL32.dll
0x00007ffd507b0000 - 0x00007ffd507da000 	C:\Windows\System32\GDI32.dll
0x00007ffd4eee0000 - 0x00007ffd4ef7e000 	C:\Windows\System32\msvcrt.dll
0x00007ffd4e5b0000 - 0x00007ffd4e6bb000 	C:\Windows\System32\gdi32full.dll
0x00007ffd4e030000 - 0x00007ffd4e0cd000 	C:\Windows\System32\msvcp_win.dll
0x00007ffd4f5f0000 - 0x00007ffd4f620000 	C:\Windows\System32\IMM32.DLL
0x00007ffd49890000 - 0x00007ffd4989c000 	C:\Users\Pomogator\.jdks\openjdk-18.0.2\bin\vcruntime140_1.dll
0x00007ffd3ae10000 - 0x00007ffd3ae9d000 	C:\Users\Pomogator\.jdks\openjdk-18.0.2\bin\msvcp140.dll
0x00007ffd0e170000 - 0x00007ffd0ed81000 	C:\Users\Pomogator\.jdks\openjdk-18.0.2\bin\server\jvm.dll
0x00007ffd4eae0000 - 0x00007ffd4eb8e000 	C:\Windows\System32\ADVAPI32.dll
0x00007ffd4ed30000 - 0x00007ffd4edcc000 	C:\Windows\System32\sechost.dll
0x00007ffd4f620000 - 0x00007ffd4f745000 	C:\Windows\System32\RPCRT4.dll
0x00007ffd507e0000 - 0x00007ffd507e8000 	C:\Windows\System32\PSAPI.DLL
0x00007ffd49a90000 - 0x00007ffd49ab7000 	C:\Windows\SYSTEM32\WINMM.dll
0x00007ffd44780000 - 0x00007ffd44789000 	C:\Windows\SYSTEM32\WSOCK32.dll
0x00007ffd47b80000 - 0x00007ffd47b8a000 	C:\Windows\SYSTEM32\VERSION.dll
0x00007ffd4f920000 - 0x00007ffd4f98b000 	C:\Windows\System32\WS2_32.dll
0x00007ffd4c7f0000 - 0x00007ffd4c802000 	C:\Windows\SYSTEM32\kernel.appcore.dll
0x00007ffd49780000 - 0x00007ffd4978a000 	C:\Users\Pomogator\.jdks\openjdk-18.0.2\bin\jimage.dll
0x00007ffd4bd10000 - 0x00007ffd4bef4000 	C:\Windows\SYSTEM32\DBGHELP.DLL
0x00007ffd335e0000 - 0x00007ffd3360c000 	C:\Windows\SYSTEM32\dbgcore.DLL
0x00007ffd4e200000 - 0x00007ffd4e282000 	C:\Windows\System32\bcryptPrimitives.dll
0x00007ffd46450000 - 0x00007ffd4645e000 	C:\Users\Pomogator\.jdks\openjdk-18.0.2\bin\instrument.dll
0x00007ffd46460000 - 0x00007ffd46485000 	C:\Users\Pomogator\.jdks\openjdk-18.0.2\bin\java.dll
0x00007ffd1a380000 - 0x00007ffd1a456000 	C:\Users\Pomogator\.jdks\openjdk-18.0.2\bin\jsvml.dll
0x00007ffd50060000 - 0x00007ffd507a4000 	C:\Windows\System32\SHELL32.dll
0x00007ffd4bff0000 - 0x00007ffd4c784000 	C:\Windows\SYSTEM32\windows.storage.dll
0x00007ffd4f990000 - 0x00007ffd4fce4000 	C:\Windows\System32\combase.dll
0x00007ffd4d8d0000 - 0x00007ffd4d900000 	C:\Windows\SYSTEM32\Wldp.dll
0x00007ffd4edd0000 - 0x00007ffd4ee7d000 	C:\Windows\System32\SHCORE.dll
0x00007ffd4f470000 - 0x00007ffd4f4c5000 	C:\Windows\System32\shlwapi.dll
0x00007ffd4de90000 - 0x00007ffd4deaf000 	C:\Windows\SYSTEM32\profapi.dll
0x00007ffd3e7a0000 - 0x00007ffd3e7b8000 	C:\Users\Pomogator\.jdks\openjdk-18.0.2\bin\zip.dll
0x00007ffd3e7e0000 - 0x00007ffd3e7f3000 	C:\Users\Pomogator\.jdks\openjdk-18.0.2\bin\net.dll
0x00007ffd47ea0000 - 0x00007ffd47faa000 	C:\Windows\SYSTEM32\WINHTTP.dll
0x00007ffd4d6b0000 - 0x00007ffd4d71a000 	C:\Windows\system32\mswsock.dll
0x00007ffd3e7c0000 - 0x00007ffd3e7d6000 	C:\Users\Pomogator\.jdks\openjdk-18.0.2\bin\nio.dll
0x00007ffd3e220000 - 0x00007ffd3e23a000 	C:\Program Files\JetBrains\IntelliJ IDEA Community Edition 2022.2\bin\breakgen64.dll
0x00007ffd46440000 - 0x00007ffd46450000 	C:\Users\Pomogator\.jdks\openjdk-18.0.2\bin\verify.dll
0x00007ffd4d910000 - 0x00007ffd4d928000 	C:\Windows\SYSTEM32\CRYPTSP.dll
0x00007ffd4cfe0000 - 0x00007ffd4d014000 	C:\Windows\system32\rsaenh.dll
0x00007ffd4e000000 - 0x00007ffd4e027000 	C:\Windows\System32\bcrypt.dll
0x00007ffd4de10000 - 0x00007ffd4de3e000 	C:\Windows\SYSTEM32\USERENV.dll
0x00007ffd4d840000 - 0x00007ffd4d84c000 	C:\Windows\SYSTEM32\CRYPTBASE.dll
0x00007ffd4d370000 - 0x00007ffd4d3ab000 	C:\Windows\SYSTEM32\IPHLPAPI.DLL
0x00007ffd4ead0000 - 0x00007ffd4ead8000 	C:\Windows\System32\NSI.dll
0x00007ffd46d00000 - 0x00007ffd46d17000 	C:\Windows\SYSTEM32\dhcpcsvc6.DLL
0x00007ffd46fb0000 - 0x00007ffd46fcd000 	C:\Windows\SYSTEM32\dhcpcsvc.DLL
0x00007ffd4d3c0000 - 0x00007ffd4d48a000 	C:\Windows\SYSTEM32\DNSAPI.dll
0x00007ffd3b5f0000 - 0x00007ffd3b5fa000 	C:\Windows\System32\rasadhlp.dll
0x00007ffd43a70000 - 0x00007ffd43af0000 	C:\Windows\System32\fwpuclnt.dll

dbghelp: loaded successfully - version: 4.0.5 - missing functions: none
symbol engine: initialized successfully - sym options: 0x614 - pdb path: .;C:\Users\Pomogator\.jdks\openjdk-18.0.2\bin;C:\Windows\SYSTEM32;C:\Windows\WinSxS\amd64_microsoft.windows.common-controls_6595b64144ccf1df_6.0.19041.1110_none_60b5254171f9507e;C:\Users\Pomogator\.jdks\openjdk-18.0.2\bin\server;C:\Program Files\JetBrains\IntelliJ IDEA Community Edition 2022.2\bin

VM Arguments:
jvm_args: -ea -Didea.test.cyclic.buffer.size=1048576 -javaagent:C:\Program Files\JetBrains\IntelliJ IDEA Community Edition 2022.2\lib\idea_rt.jar=52908:C:\Program Files\JetBrains\IntelliJ IDEA Community Edition 2022.2\bin -Dfile.encoding=UTF-8 
java_command: com.intellij.rt.testng.RemoteTestNGStarter -usedefaultlisteners false -socket52907 @w@C:\Users\Pomogator\AppData\Local\Temp\idea_working_dirs_testng.tmp -temp C:\Users\Pomogator\AppData\Local\Temp\idea_testng.tmp
java_class_path (initial): C:\Program Files\JetBrains\IntelliJ IDEA Community Edition 2022.2\lib\idea_rt.jar;C:\Program Files\JetBrains\IntelliJ IDEA Community Edition 2022.2\plugins\testng\lib\testng-rt.jar;C:\Users\Pomogator\IdeaProjects\UIandAPItests\target\test-classes;C:\Users\Pomogator\.m2\repository\org\testng\testng\7.6.1\testng-7.6.1.jar;C:\Users\Pomogator\.m2\repository\com\google\code\findbugs\jsr305\3.0.2\jsr305-3.0.2.jar;C:\Users\Pomogator\.m2\repository\org\slf4j\slf4j-api\1.7.36\slf4j-api-1.7.36.jar;C:\Users\Pomogator\.m2\repository\com\beust\jcommander\1.82\jcommander-1.82.jar;C:\Users\Pomogator\.m2\repository\org\webjars\jquery\3.6.0\jquery-3.6.0.jar;C:\Users\Pomogator\.m2\repository\org\seleniumhq\selenium\selenium-java\4.4.0\selenium-java-4.4.0.jar;C:\Users\Pomogator\.m2\repository\org\seleniumhq\selenium\selenium-api\4.4.0\selenium-api-4.4.0.jar;C:\Users\Pomogator\.m2\repository\org\seleniumhq\selenium\selenium-chrome-driver\4.4.0\selenium-chrome-driver-4.4.0.jar;C:\Users\Pomogator\.m2\repository\com\google\auto\service\auto-service-annotations\1.0.1\auto-service-annotations-1.0.1.jar;C:\Users\Pomogator\.m2\repository\com\google\auto\service\auto-service\1.0.1\auto-service-1.0.1.jar;C:\Users\Pomogator\.m2\repository\com\google\auto\auto-common\1.2\auto-common-1.2.jar;C:\Users\Pomogator\.m2\repository\com\google\guava\guava\31.1-jre\guava-31.1-jre.jar;C:\Users\Pomogator\.m2\repository\com\google\guava\failureaccess\1.0.1\failureaccess-1.0.1.jar;C:\Users\Pomogator\.m2\repository\com\google\guava\listenablefuture\9999.0-empty-to-avoid-conflict-with-guava\listenablefuture-9999.0-empty-to-avoid-conflict-with-guava.jar;C:\Users\Pomogator\.m2\repository\org\checkerframework\checker-qual\3.12.0\checker-qual-3.12.0.jar;C:\Users\Pomogator\.m2\repository\com\google\errorprone\error_prone_annotations\2.11.0\error_prone_annotations-2.11.0.jar;C:\Users\Pomogator\.m2\repository\com\google\j2objc\j2objc-annotations\1.3\j2objc-annotations-1.3.jar;C:\Users\Pomogator\.m2\repository\org\seleniumhq\selenium\selenium-chromium-driver\4.4.0\selenium-chromium-driver-4.4.0.jar;C:\Users\Pomogator\.m2\repository\org\seleniumhq\selenium\selenium-json\4.4.0\selenium-json-4.4.0.jar;C:\Users\Pomogator\.m2\repository\org\seleniumhq\selenium\selenium-devtools-v102\4.4.0\selenium-devtools-v102-4.4.0.jar;C:\Users\Pomogator\.m2\repository\org\seleniumhq\selenium\selenium-devtools-v103\4.4.0\selenium-devtools-v103-4.4.0.jar;C:\Users\Pomogator\.m2\repository\org\seleniumhq\selenium\selenium-devtools-v104\4.4.0\selenium-devtools-v104-4.4.0.jar;C:\Users\Pomogator\.m2\repository\org\seleniumhq\selenium\selenium-devtools-v85\4.4.0\selenium-devtools-v85-4.4.0.jar;C:\Users\Pomogator\.m2\repository\org\seleniumhq\selenium\selenium-edge-driver\4.4.0\selenium-edge-driver-4.4.0.jar;C:\Users\Pomogator\.m2\repository\org\seleniumhq\selenium\selenium-firefox-driver\4.4.0\selenium-firefox-driver-4.4.0.jar;C:\Users\Pomogator\.m2\repository\org\seleniumhq\selenium\selenium-ie-driver\4.4.0\selenium-ie-driver-4.4.0.jar;C:\Users\Pomogator\.m2\repository\org\seleniumhq\selenium\selenium-opera-driver\4.4.0\selenium-opera-driver-4.4.0.jar;C:\Users\Pomogator\.m2\repository\org\seleniumhq\selenium\selenium-remote-driver\4.4.0\selenium-remote-driver-4.4.0.jar;C:\Users\Pomogator\.m2\repository\io\netty\netty-buffer\4.1.78.Final\netty-buffer-4.1.78.Final.jar;C:\Users\Pomogator\.m2\repository\io\netty\netty-codec-http\4.1.78.Final\netty-codec-http-4.1.78.Final.jar;C:\Users\Pomogator\.m2\repository\io\netty\netty-codec\4.1.78.Final\netty-codec-4.1.78.Final.jar;C:\Users\Pomogator\.m2\repository\io\netty\netty-handler\4.1.78.Final\netty-handler-4.1.78.Final.jar;C:\Users\Pomogator\.m2\repository\io\netty\netty-common\4.1.78.Final\netty-common-4.1.78.Final.jar;C:\Users\Pomogator\.m2\repository\io\netty\netty-transport-classes-epoll\4.1.78.Final\netty-transport-classes-epoll-4.1.78.Final.jar;C:\Users\Pomogator\.m2\repository\io\netty\netty-transport-classes-kqueue\4.1.78.Final\netty-transport-classes-kqueue-4.1.78.Final.jar;C:\Users\Pomogator\.m2\repository\io\netty\netty-transport-native-epoll\4.1.78.Final\netty-transport-native-epoll-4.1.78.Final.jar;C:\Users\Pomogator\.m2\repository\io\netty\netty-transport-native-kqueue\4.1.78.Final\netty-transport-native-kqueue-4.1.78.Final.jar;C:\Users\Pomogator\.m2\repository\io\netty\netty-transport-native-unix-common\4.1.78.Final\netty-transport-native-unix-common-4.1.78.Final.jar;C:\Users\Pomogator\.m2\repository\io\netty\netty-transport\4.1.78.Final\netty-transport-4.1.78.Final.jar;C:\Users\Pomogator\.m2\repository\io\netty\netty-resolver\4.1.78.Final\netty-resolver-4.1.78.Final.jar;C:\Users\Pomogator\.m2\repository\io\opentelemetry\opentelemetry-api\1.16.0\opentelemetry-api-1.16.0.jar;C:\Users\Pomogator\.m2\repository\io\opentelemetry\opentelemetry-context\1.16.0\opentelemetry-context-1.16.0.jar;C:\Users\Pomogator\.m2\repository\io\opentelemetry\opentelemetry-exporter-logging\1.16.0\opentelemetry-exporter-logging-1.16.0.jar;C:\Users\Pomogator\.m2\repository\io\opentelemetry\opentelemetry-sdk-metrics\1.16.0\opentelemetry-sdk-metrics-1.16.0.jar;C:\Users\Pomogator\.m2\repository\io\opentelemetry\opentelemetry-sdk-logs\1.16.0-alpha\opentelemetry-sdk-logs-1.16.0-alpha.jar;C:\Users\Pomogator\.m2\repository\io\opentelemetry\opentelemetry-sdk-common\1.16.0\opentelemetry-sdk-common-1.16.0.jar;C:\Users\Pomogator\.m2\repository\io\opentelemetry\opentelemetry-sdk-extension-autoconfigure-spi\1.16.0\opentelemetry-sdk-extension-autoconfigure-spi-1.16.0.jar;C:\Users\Pomogator\.m2\repository\io\opentelemetry\opentelemetry-sdk-extension-autoconfigure\1.16.0-alpha\opentelemetry-sdk-extension-autoconfigure-1.16.0-alpha.jar;C:\Users\Pomogator\.m2\repository\io\opentelemetry\opentelemetry-sdk-trace\1.16.0\opentelemetry-sdk-trace-1.16.0.jar;C:\Users\Pomogator\.m2\repository\io\opentelemetry\opentelemetry-sdk\1.16.0\opentelemetry-sdk-1.16.0.jar;C:\Users\Pomogator\.m2\repository\io\opentelemetry\opentelemetry-semconv\1.16.0-alpha\opentelemetry-semconv-1.16.0-alpha.jar;C:\Users\Pomogator\.m2\repository\io\ous\jtoml\2.0.0\jtoml-2.0.0.jar;C:\Users\Pomogator\.m2\repository\net\bytebuddy\byte-buddy\1.12.10\byte-buddy-1.12.10.jar;C:\Users\Pomogator\.m2\repository\org\apache\commons\commons-exec\1.3\commons-exec-1.3.jar;C:\Users\Pomogator\.m2\repository\org\asynchttpclient\async-http-client\2.12.3\async-http-client-2.12.3.jar;C:\Users\Pomogator\.m2\repository\org\asynchttpclient\async-http-client-netty-utils\2.12.3\async-http-client-netty-utils-2.12.3.jar;C:\Users\Pomogator\.m2\repository\io\netty\netty-codec-socks\4.1.60.Final\netty-codec-socks-4.1.60.Final.jar;C:\Users\Pomogator\.m2\repository\io\netty\netty-handler-proxy\4.1.60.Final\netty-handler-proxy-4.1.60.Final.jar;C:\Users\Pomogator\.m2\repository\io\netty\netty-transport-native-epoll\4.1.60.Final\netty-transport-native-epoll-4.1.60.Final-linux-x86_64.jar;C:\Users\Pomogator\.m2\repository\io\netty\netty-transport-native-kqueue\4.1.60.Final\netty-transport-native-kqueue-4.1.60.Final-osx-x86_64.jar;C:\Users\Pomogator\.m2\repository\org\reactivestreams\reactive-streams\1.0.3\reactive-streams-1.0.3.jar;C:\Users\Pomogator\.m2\repository\com\typesafe\netty\netty-reactive-streams\2.0.4\netty-reactive-streams-2.0.4.jar;C:\Users\Pomogator\.m2\repository\com\sun\activation\jakarta.activation\1.2.2\jakarta.activation-1.2.2.jar;C:\Users\Pomogator\.m2\repository\org\seleniumhq\selenium\selenium-http\4.4.0\selenium-http-4.4.0.jar;C:\Users\Pomogator\.m2\repository\dev\failsafe\failsafe\3.2.4\failsafe-3.2.4.jar;C:\Users\Pomogator\.m2\repository\org\seleniumhq\selenium\selenium-safari-driver\4.4.0\selenium-safari-driver-4.4.0.jar;C:\Users\Pomogator\.m2\repository\org\seleniumhq\selenium\selenium-support\4.4.0\selenium-support-4.4.0.jar;C:\Users\Pomogator\.m2\repository\io\github\bonigarcia\webdrivermanager\5.2.3\webdrivermanager-5.2.3.jar;C:\Users\Pomogator\.m2\repository\com\google\code\gson\gson\2.9.1\gson-2.9.1.jar;C:\Users\Pomogator\.m2\repository\com\github\docker-java\docker-java\3.2.13\docker-java-3.2.13.jar;C:\Users\Pomogator\.m2\repository\com\github\docker-java\docker-java-core\3.2.13\docker-java-core-3.2.13.jar;C:\Users\Pomogator\.m2\repository\com\github\docker-java\docker-java-api\3.2.13\docker-java-api-3.2.13.jar;C:\Users\Pomogator\.m2\repository\com\fasterxml\jackson\core\jackson-annotations\2.10.3\jackson-annotations-2.10.3.jar;C:\Users\Pomogator\.m2\repository\commons-io\commons-io\2.6\commons-io-2.6.jar;C:\Users\Pomogator\.m2\repository\org\apache\commons\commons-compress\1.21\commons-compress-1.21.jar;C:\Users\Pomogator\.m2\repository\com\fasterxml\jackson\core\jackson-databind\2.10.3\jackson-databind-2.10.3.jar;C:\Users\Pomogator\.m2\repository\com\fasterxml\jackson\core\jackson-core\2.10.3\jackson-core-2.10.3.jar;C:\Users\Pomogator\.m2\repository\org\bouncycastle\bcpkix-jdk15on\1.64\bcpkix-jdk15on-1.64.jar;C:\Users\Pomogator\.m2\repository\org\bouncycastle\bcprov-jdk15on\1.64\bcprov-jdk15on-1.64.jar;C:\Users\Pomogator\.m2\repository\org\slf4j\jcl-over-slf4j\1.7.30\jcl-over-slf4j-1.7.30.jar;C:\Users\Pomogator\.m2\repository\com\github\docker-java\docker-java-transport-httpclient5\3.2.13\docker-java-transport-httpclient5-3.2.13.jar;C:\Users\Pomogator\.m2\repository\com\github\docker-java\docker-java-transport\3.2.13\docker-java-transport-3.2.13.jar;C:\Users\Pomogator\.m2\repository\net\java\dev\jna\jna\5.8.0\jna-5.8.0.jar;C:\Users\Pomogator\.m2\repository\org\brotli\dec\0.1.2\dec-0.1.2.jar;C:\Users\Pomogator\.m2\repository\org\apache\commons\commons-lang3\3.12.0\commons-lang3-3.12.0.jar;C:\Users\Pomogator\.m2\repository\org\apache\httpcomponents\client5\httpclient5\5.1.3\httpclient5-5.1.3.jar;C:\Users\Pomogator\.m2\repository\org\apache\httpcomponents\core5\httpcore5\5.1.3\httpcore5-5.1.3.jar;C:\Users\Pomogator\.m2\repository\org\apache\httpcomponents\core5\httpcore5-h2\5.1.3\httpcore5-h2-5.1.3.jar;C:\Users\Pomogator\.m2\repository\commons-codec\commons-codec\1.15\commons-codec-1.15.jar
Launcher Type: SUN_STANDARD

[Global flags]
     intx CICompilerCount                          = 4                                         {product} {ergonomic}
     uint ConcGCThreads                            = 2                                         {product} {ergonomic}
     uint G1ConcRefinementThreads                  = 8                                         {product} {ergonomic}
   size_t G1HeapRegionSize                         = 1048576                                   {product} {ergonomic}
    uintx GCDrainStackTargetSize                   = 64                                        {product} {ergonomic}
   size_t InitialHeapSize                          = 132120576                                 {product} {ergonomic}
   size_t MarkStackSize                            = 4194304                                   {product} {ergonomic}
   size_t MaxHeapSize                              = 2105540608                                {product} {ergonomic}
   size_t MaxNewSize                               = 1262485504                                {product} {ergonomic}
   size_t MinHeapDeltaBytes                        = 1048576                                   {product} {ergonomic}
   size_t MinHeapSize                              = 8388608                                   {product} {ergonomic}
    uintx NonNMethodCodeHeapSize                   = 5839372                                {pd product} {ergonomic}
    uintx NonProfiledCodeHeapSize                  = 122909434                              {pd product} {ergonomic}
    uintx ProfiledCodeHeapSize                     = 122909434                              {pd product} {ergonomic}
    uintx ReservedCodeCacheSize                    = 251658240                              {pd product} {ergonomic}
     bool SegmentedCodeCache                       = true                                      {product} {ergonomic}
   size_t SoftMaxHeapSize                          = 2105540608                             {manageable} {ergonomic}
     bool UseCompressedClassPointers               = true                           {product lp64_product} {ergonomic}
     bool UseCompressedOops                        = true                           {product lp64_product} {ergonomic}
     bool UseG1GC                                  = true                                      {product} {ergonomic}
     bool UseLargePagesIndividualAllocation        = false                                  {pd product} {ergonomic}

Logging:
Log output configuration:
 #0: stdout all=warning uptime,level,tags foldmultilines=false
 #1: stderr all=off uptime,level,tags foldmultilines=false

Environment Variables:
JAVA_HOME=C:\Users\Pomogator\OneDrive\\IT\jdk-18.0.2
PATH=C:\Windows\system32;C:\Windows;C:\Windows\System32\Wbem;C:\Windows\System32\WindowsPowerShell\v1.0\;C:\Windows\System32\OpenSSH\;C:\Program Files (x86)\Git\cmd;C:\Users\Pomogator\OneDrive\\IT\apache-maven-3.8.6\bin;C:\Users\Pomogator\OneDrive\\IT\jdk-18.0.2\bin;C:\Users\Pomogator\AppData\Local\Microsoft\WindowsApps;
USERNAME=Pomogator
OS=Windows_NT
PROCESSOR_IDENTIFIER=Intel64 Family 6 Model 165 Stepping 2, GenuineIntel



---------------  S Y S T E M  ---------------

OS:
 Windows 10 , 64 bit Build 19041 (10.0.19041.1889)
OS uptime: 6 days 14:54 hours
Hyper-V role detected

CPU: total 8 (initial active 8)

Memory: